Copyright 1986-2020 Xilinx, Inc. All Rights Reserved.
---------------------------------------------------------------------------------------------
| Tool Version : Vivado v.2020.2 (win64) Build 3064766 Wed Nov 18 09:12:45 MST 2020
| Date         : Sun Jun 25 15:01:34 2023
| Host         : DESKTOP-OE2QKLR running 64-bit major release  (build 9200)
| Command      : report_control_sets -verbose -file lcd_rgb_colorbar_control_sets_placed.rpt
| Design       : lcd_rgb_colorbar
| Device       : xc7z020
---------------------------------------------------------------------------------------------

Control Set Information

Table of Contents
-----------------
1. Summary
2. Histogram
3. Flip-Flop Distribution
4. Detailed Control Set Information

1. Summary
----------

+----------------------------------------------------------+-------+
|                          Status                          | Count |
+----------------------------------------------------------+-------+
| Total control sets                                       |     4 |
|    Minimum number of control sets                        |     4 |
|    Addition due to synthesis replication                 |     0 |
|    Addition due to physical synthesis replication        |     0 |
| Unused register locations in slices containing registers |    15 |
+----------------------------------------------------------+-------+
* Control sets can be merged at opt_design using control_set_merge or merge_equivalent_drivers
** Run report_qor_suggestions for automated merging and remapping suggestions


2. Histogram
------------

+--------------------+-------+
|       Fanout       | Count |
+--------------------+-------+
| Total control sets |     4 |
| >= 0 to < 4        |     1 |
| >= 4 to < 6        |     0 |
| >= 6 to < 8        |     0 |
| >= 8 to < 10       |     0 |
| >= 10 to < 12      |     2 |
| >= 12 to < 14      |     0 |
| >= 14 to < 16      |     0 |
| >= 16              |     1 |
+--------------------+-------+
* Control sets can be remapped at either synth_design or opt_design


3. Flip-Flop Distribution
-------------------------

+--------------+-----------------------+------------------------+-----------------+--------------+
| Clock Enable | Synchronous Set/Reset | Asynchronous Set/Reset | Total Registers | Total Slices |
+--------------+-----------------------+------------------------+-----------------+--------------+
| No           | No                    | No                     |               0 |            0 |
| No           | No                    | Yes                    |              51 |           21 |
| No           | Yes                   | No                     |               0 |            0 |
| Yes          | No                    | No                     |               0 |            0 |
| Yes          | No                    | Yes                    |              22 |            7 |
| Yes          | Yes                   | No                     |               0 |            0 |
+--------------+-----------------------+------------------------+-----------------+--------------+


4. Detailed Control Set Information
-----------------------------------

+--------------------+-------------------------+------------------------+------------------+----------------+--------------+
|    Clock Signal    |      Enable Signal      |    Set/Reset Signal    | Slice Load Count | Bel Load Count | Bels / Slice |
+--------------------+-------------------------+------------------------+------------------+----------------+--------------+
|  sys_clk_IBUF_BUFG |                         | u_lcd_driver/sys_rst_n |                2 |              3 |         1.50 |
|  lcd_clk_OBUF_BUFG | u_lcd_driver/sel        | u_lcd_driver/sys_rst_n |                4 |             11 |         2.75 |
|  sys_clk_IBUF_BUFG | u_rd_id/rd_flag_i_1_n_0 | u_lcd_driver/sys_rst_n |                3 |             11 |         3.67 |
|  lcd_clk_OBUF_BUFG |                         | u_lcd_driver/sys_rst_n |               19 |             48 |         2.53 |
+--------------------+-------------------------+------------------------+------------------+----------------+--------------+


