# do {tb_lcd_rgb_char_compile.do}
# ** Warning: (vlib-34) Library already exists at "modelsim_lib/work".
# ** Warning: (vlib-34) Library already exists at "modelsim_lib/msim".
# ** Warning: (vlib-34) Library already exists at "modelsim_lib/msim/xil_defaultlib".
# Model Technology ModelSim SE-64 vmap 10.5 Lib Mapping Utility 2016.02 Feb 13 2016
# vmap xil_defaultlib modelsim_lib/msim/xil_defaultlib 
# Modifying modelsim.ini
# Model Technology ModelSim SE-64 vlog 10.5 Compiler 2016.02 Feb 13 2016
# Start time: 15:06:09 on Jun 25,2023
# vlog -incr -work xil_defaultlib ../../../../lcd_rgb_char.gen/sources_1/ip/blk_mem_gen_0/blk_mem_gen_0_sim_netlist.v ../../../../../rtl/clk_div.v ../../../../../rtl/lcd_display.v ../../../../../rtl/lcd_driver.v ../../../../../rtl/lcd_rgb_char.v ../../../../../rtl/rd_id.v ../../../../../sim/tb_lcd_rgb_char.v 
# -- Skipping module blk_mem_gen_0
# -- Compiling module glbl
# -- Skipping module clk_div
# -- Compiling module lcd_display
# -- Skipping module lcd_driver
# -- Skipping module lcd_rgb_char
# -- Skipping module rd_id
# -- Compiling module tb_lcd_rgb_char
# 
# Top level modules:
# 	glbl
# 	tb_lcd_rgb_char
# End time: 15:06:09 on Jun 25,2023, Elapsed time: 0:00:00
# Errors: 0, Warnings: 0
# Model Technology ModelSim SE-64 vlog 10.5 Compiler 2016.02 Feb 13 2016
# Start time: 15:06:09 on Jun 25,2023
# vlog -work xil_defaultlib glbl.v 
# -- Compiling module glbl
# 
# Top level modules:
# 	glbl
# End time: 15:06:09 on Jun 25,2023, Elapsed time: 0:00:00
# Errors: 0, Warnings: 0
