
*** Running vivado
    with args -log top_lcd_touch.vdi -applog -m64 -product Vivado -messageDb vivado.pb -mode batch -source top_lcd_touch.tcl -notrace



****** Vivado v2020.2 (64-bit)
  **** SW Build 3064766 on Wed Nov 18 09:12:45 MST 2020
  **** IP Build 3064653 on Wed Nov 18 14:17:31 MST 2020
    ** Copyright 1986-2020 Xilinx, Inc. All Rights Reserved.

source top_lcd_touch.tcl -notrace
Command: link_design -top top_lcd_touch -part xc7z020clg400-2
Design is defaulting to srcset: sources_1
Design is defaulting to constrset: constrs_1
INFO: [Device 21-403] Loading part xc7z020clg400-2
Netlist sorting complete. Time (s): cpu = 00:00:00 ; elapsed = 00:00:00.029 . Memory (MB): peak = 1121.430 ; gain = 0.000
INFO: [Netlist 29-17] Analyzing 34 Unisim elements for replacement
INFO: [Netlist 29-28] Unisim Transformation completed in 0 CPU seconds
INFO: [Project 1-479] Netlist was created with Vivado 2020.2
INFO: [Project 1-570] Preparing netlist for logic optimization
Parsing XDC File [D:/Desktop/28_top_lcd_touch/prj/top_lcd_touch.srcs/constrs_1/new/top_lcd_touch.xdc]
Finished Parsing XDC File [D:/Desktop/28_top_lcd_touch/prj/top_lcd_touch.srcs/constrs_1/new/top_lcd_touch.xdc]
INFO: [Opt 31-138] Pushed 0 inverter(s) to 0 load pin(s).
Netlist sorting complete. Time (s): cpu = 00:00:00 ; elapsed = 00:00:00 . Memory (MB): peak = 1121.430 ; gain = 0.000
INFO: [Project 1-111] Unisim Transformation Summary:
  A total of 4 instances were transformed.
  IOBUF => IOBUF (IBUF, OBUFT): 4 instances

7 Infos, 0 Warnings, 0 Critical Warnings and 0 Errors encountered.
link_design completed successfully
link_design: Time (s): cpu = 00:00:08 ; elapsed = 00:00:10 . Memory (MB): peak = 1121.430 ; gain = 0.000
Command: opt_design
Attempting to get a license for feature 'Implementation' and/or device 'xc7z020'
INFO: [Common 17-349] Got license for feature 'Implementation' and/or device 'xc7z020'
Running DRC as a precondition to command opt_design

Starting DRC Task
INFO: [DRC 23-27] Running DRC with 2 threads
WARNING: [DRC RPBF-3] IO port buffering is incomplete: Device port lcd_rgb[0] expects both input and output buffering but the buffers are incomplete.
WARNING: [DRC RPBF-3] IO port buffering is incomplete: Device port lcd_rgb[10] expects both input and output buffering but the buffers are incomplete.
WARNING: [DRC RPBF-3] IO port buffering is incomplete: Device port lcd_rgb[11] expects both input and output buffering but the buffers are incomplete.
WARNING: [DRC RPBF-3] IO port buffering is incomplete: Device port lcd_rgb[12] expects both input and output buffering but the buffers are incomplete.
WARNING: [DRC RPBF-3] IO port buffering is incomplete: Device port lcd_rgb[13] expects both input and output buffering but the buffers are incomplete.
WARNING: [DRC RPBF-3] IO port buffering is incomplete: Device port lcd_rgb[14] expects both input and output buffering but the buffers are incomplete.
WARNING: [DRC RPBF-3] IO port buffering is incomplete: Device port lcd_rgb[16] expects both input and output buffering but the buffers are incomplete.
WARNING: [DRC RPBF-3] IO port buffering is incomplete: Device port lcd_rgb[17] expects both input and output buffering but the buffers are incomplete.
WARNING: [DRC RPBF-3] IO port buffering is incomplete: Device port lcd_rgb[18] expects both input and output buffering but the buffers are incomplete.
WARNING: [DRC RPBF-3] IO port buffering is incomplete: Device port lcd_rgb[19] expects both input and output buffering but the buffers are incomplete.
WARNING: [DRC RPBF-3] IO port buffering is incomplete: Device port lcd_rgb[1] expects both input and output buffering but the buffers are incomplete.
WARNING: [DRC RPBF-3] IO port buffering is incomplete: Device port lcd_rgb[20] expects both input and output buffering but the buffers are incomplete.
WARNING: [DRC RPBF-3] IO port buffering is incomplete: Device port lcd_rgb[21] expects both input and output buffering but the buffers are incomplete.
WARNING: [DRC RPBF-3] IO port buffering is incomplete: Device port lcd_rgb[22] expects both input and output buffering but the buffers are incomplete.
WARNING: [DRC RPBF-3] IO port buffering is incomplete: Device port lcd_rgb[2] expects both input and output buffering but the buffers are incomplete.
WARNING: [DRC RPBF-3] IO port buffering is incomplete: Device port lcd_rgb[3] expects both input and output buffering but the buffers are incomplete.
WARNING: [DRC RPBF-3] IO port buffering is incomplete: Device port lcd_rgb[4] expects both input and output buffering but the buffers are incomplete.
WARNING: [DRC RPBF-3] IO port buffering is incomplete: Device port lcd_rgb[5] expects both input and output buffering but the buffers are incomplete.
WARNING: [DRC RPBF-3] IO port buffering is incomplete: Device port lcd_rgb[6] expects both input and output buffering but the buffers are incomplete.
WARNING: [DRC RPBF-3] IO port buffering is incomplete: Device port lcd_rgb[8] expects both input and output buffering but the buffers are incomplete.
WARNING: [DRC RPBF-3] IO port buffering is incomplete: Device port lcd_rgb[9] expects both input and output buffering but the buffers are incomplete.
WARNING: [DRC RPBF-3] IO port buffering is incomplete: Device port touch_int expects both input and output buffering but the buffers are incomplete.
INFO: [Project 1-461] DRC finished with 0 Errors, 22 Warnings
INFO: [Project 1-462] Please refer to the DRC report (report_drc) for more information.

Time (s): cpu = 00:00:02 ; elapsed = 00:00:00.876 . Memory (MB): peak = 1121.430 ; gain = 0.000

Starting Cache Timing Information Task
INFO: [Timing 38-35] Done setting XDC timing constraints.
Ending Cache Timing Information Task | Checksum: 11840bfe6

Time (s): cpu = 00:00:06 ; elapsed = 00:00:07 . Memory (MB): peak = 1606.371 ; gain = 484.941

Starting Logic Optimization Task

Phase 1 Retarget
INFO: [Opt 31-138] Pushed 4 inverter(s) to 4 load pin(s).
INFO: [Opt 31-49] Retargeted 0 cell(s).
Phase 1 Retarget | Checksum: 1830ccd99

Time (s): cpu = 00:00:00 ; elapsed = 00:00:00.108 . Memory (MB): peak = 1816.941 ; gain = 0.000
INFO: [Opt 31-389] Phase Retarget created 0 cells and removed 6 cells

Phase 2 Constant propagation
INFO: [Opt 31-138] Pushed 0 inverter(s) to 0 load pin(s).
Phase 2 Constant propagation | Checksum: 18831cc58

Time (s): cpu = 00:00:00 ; elapsed = 00:00:00.129 . Memory (MB): peak = 1816.941 ; gain = 0.000
INFO: [Opt 31-389] Phase Constant propagation created 1 cells and removed 1 cells

Phase 3 Sweep
Phase 3 Sweep | Checksum: 176cfb251

Time (s): cpu = 00:00:00 ; elapsed = 00:00:00.151 . Memory (MB): peak = 1816.941 ; gain = 0.000
INFO: [Opt 31-389] Phase Sweep created 21 cells and removed 0 cells

Phase 4 BUFG optimization
Phase 4 BUFG optimization | Checksum: 176cfb251

Time (s): cpu = 00:00:00 ; elapsed = 00:00:00.173 . Memory (MB): peak = 1816.941 ; gain = 0.000
INFO: [Opt 31-662] Phase BUFG optimization created 0 cells of which 0 are BUFGs and removed 0 cells.

Phase 5 Shift Register Optimization
INFO: [Opt 31-1064] SRL Remap converted 0 SRLs to 0 registers and converted 0 registers of register chains to 0 SRLs
Phase 5 Shift Register Optimization | Checksum: 176cfb251

Time (s): cpu = 00:00:00 ; elapsed = 00:00:00.176 . Memory (MB): peak = 1816.941 ; gain = 0.000
INFO: [Opt 31-389] Phase Shift Register Optimization created 0 cells and removed 0 cells

Phase 6 Post Processing Netlist
Phase 6 Post Processing Netlist | Checksum: 176cfb251

Time (s): cpu = 00:00:00 ; elapsed = 00:00:00.183 . Memory (MB): peak = 1816.941 ; gain = 0.000
INFO: [Opt 31-389] Phase Post Processing Netlist created 0 cells and removed 0 cells
Opt_design Change Summary
=========================


-------------------------------------------------------------------------------------------------------------------------
|  Phase                        |  #Cells created  |  #Cells Removed  |  #Constrained objects preventing optimizations  |
-------------------------------------------------------------------------------------------------------------------------
|  Retarget                     |               0  |               6  |                                              0  |
|  Constant propagation         |               1  |               1  |                                              0  |
|  Sweep                        |              21  |               0  |                                              0  |
|  BUFG optimization            |               0  |               0  |                                              0  |
|  Shift Register Optimization  |               0  |               0  |                                              0  |
|  Post Processing Netlist      |               0  |               0  |                                              0  |
-------------------------------------------------------------------------------------------------------------------------



Starting Connectivity Check Task

Time (s): cpu = 00:00:00 ; elapsed = 00:00:00.005 . Memory (MB): peak = 1816.941 ; gain = 0.000
Ending Logic Optimization Task | Checksum: 249a57aa5

Time (s): cpu = 00:00:00 ; elapsed = 00:00:00.219 . Memory (MB): peak = 1816.941 ; gain = 0.000

Starting Power Optimization Task
INFO: [Pwropt 34-132] Skipping clock gating for clocks with a period < 2.00 ns.
Ending Power Optimization Task | Checksum: 249a57aa5

Time (s): cpu = 00:00:00 ; elapsed = 00:00:00.009 . Memory (MB): peak = 1816.941 ; gain = 0.000

Starting Final Cleanup Task
Ending Final Cleanup Task | Checksum: 249a57aa5

Time (s): cpu = 00:00:00 ; elapsed = 00:00:00 . Memory (MB): peak = 1816.941 ; gain = 0.000

Starting Netlist Obfuscation Task
Netlist sorting complete. Time (s): cpu = 00:00:00 ; elapsed = 00:00:00 . Memory (MB): peak = 1816.941 ; gain = 0.000
Ending Netlist Obfuscation Task | Checksum: 249a57aa5

Time (s): cpu = 00:00:00 ; elapsed = 00:00:00 . Memory (MB): peak = 1816.941 ; gain = 0.000
INFO: [Common 17-83] Releasing license: Implementation
24 Infos, 22 Warnings, 0 Critical Warnings and 0 Errors encountered.
opt_design completed successfully
opt_design: Time (s): cpu = 00:00:10 ; elapsed = 00:00:10 . Memory (MB): peak = 1816.941 ; gain = 695.512
INFO: [Timing 38-480] Writing timing data to binary archive.
Writing placer database...
Writing XDEF routing.
Writing XDEF routing logical nets.
Writing XDEF routing special nets.
Write XDEF Complete: Time (s): cpu = 00:00:00 ; elapsed = 00:00:00.045 . Memory (MB): peak = 1816.941 ; gain = 0.000
INFO: [Common 17-1381] The checkpoint 'D:/Desktop/28_top_lcd_touch/prj/top_lcd_touch.runs/impl_1/top_lcd_touch_opt.dcp' has been generated.
INFO: [runtcl-4] Executing : report_drc -file top_lcd_touch_drc_opted.rpt -pb top_lcd_touch_drc_opted.pb -rpx top_lcd_touch_drc_opted.rpx
Command: report_drc -file top_lcd_touch_drc_opted.rpt -pb top_lcd_touch_drc_opted.pb -rpx top_lcd_touch_drc_opted.rpx
INFO: [IP_Flow 19-234] Refreshing IP repositories
INFO: [IP_Flow 19-1704] No user IP repositories specified
INFO: [IP_Flow 19-2313] Loaded Vivado IP repository 'C:/Xilinx/Vivado/2020.2/data/ip'.
INFO: [Timing 38-35] Done setting XDC timing constraints.
INFO: [DRC 23-27] Running DRC with 2 threads
INFO: [Coretcl 2-168] The results of DRC are in file D:/Desktop/28_top_lcd_touch/prj/top_lcd_touch.runs/impl_1/top_lcd_touch_drc_opted.rpt.
report_drc completed successfully
Command: place_design
Attempting to get a license for feature 'Implementation' and/or device 'xc7z020'
INFO: [Common 17-349] Got license for feature 'Implementation' and/or device 'xc7z020'
INFO: [DRC 23-27] Running DRC with 2 threads
INFO: [Vivado_Tcl 4-198] DRC finished with 0 Errors
INFO: [Vivado_Tcl 4-199] Please refer to the DRC report (report_drc) for more information.
Running DRC as a precondition to command place_design
INFO: [DRC 23-27] Running DRC with 2 threads
WARNING: [DRC RPBF-3] IO port buffering is incomplete: Device port lcd_rgb[0] expects both input and output buffering but the buffers are incomplete.
WARNING: [DRC RPBF-3] IO port buffering is incomplete: Device port lcd_rgb[10] expects both input and output buffering but the buffers are incomplete.
WARNING: [DRC RPBF-3] IO port buffering is incomplete: Device port lcd_rgb[11] expects both input and output buffering but the buffers are incomplete.
WARNING: [DRC RPBF-3] IO port buffering is incomplete: Device port lcd_rgb[12] expects both input and output buffering but the buffers are incomplete.
WARNING: [DRC RPBF-3] IO port buffering is incomplete: Device port lcd_rgb[13] expects both input and output buffering but the buffers are incomplete.
WARNING: [DRC RPBF-3] IO port buffering is incomplete: Device port lcd_rgb[14] expects both input and output buffering but the buffers are incomplete.
WARNING: [DRC RPBF-3] IO port buffering is incomplete: Device port lcd_rgb[16] expects both input and output buffering but the buffers are incomplete.
WARNING: [DRC RPBF-3] IO port buffering is incomplete: Device port lcd_rgb[17] expects both input and output buffering but the buffers are incomplete.
WARNING: [DRC RPBF-3] IO port buffering is incomplete: Device port lcd_rgb[18] expects both input and output buffering but the buffers are incomplete.
WARNING: [DRC RPBF-3] IO port buffering is incomplete: Device port lcd_rgb[19] expects both input and output buffering but the buffers are incomplete.
WARNING: [DRC RPBF-3] IO port buffering is incomplete: Device port lcd_rgb[1] expects both input and output buffering but the buffers are incomplete.
WARNING: [DRC RPBF-3] IO port buffering is incomplete: Device port lcd_rgb[20] expects both input and output buffering but the buffers are incomplete.
WARNING: [DRC RPBF-3] IO port buffering is incomplete: Device port lcd_rgb[21] expects both input and output buffering but the buffers are incomplete.
WARNING: [DRC RPBF-3] IO port buffering is incomplete: Device port lcd_rgb[22] expects both input and output buffering but the buffers are incomplete.
WARNING: [DRC RPBF-3] IO port buffering is incomplete: Device port lcd_rgb[2] expects both input and output buffering but the buffers are incomplete.
WARNING: [DRC RPBF-3] IO port buffering is incomplete: Device port lcd_rgb[3] expects both input and output buffering but the buffers are incomplete.
WARNING: [DRC RPBF-3] IO port buffering is incomplete: Device port lcd_rgb[4] expects both input and output buffering but the buffers are incomplete.
WARNING: [DRC RPBF-3] IO port buffering is incomplete: Device port lcd_rgb[5] expects both input and output buffering but the buffers are incomplete.
WARNING: [DRC RPBF-3] IO port buffering is incomplete: Device port lcd_rgb[6] expects both input and output buffering but the buffers are incomplete.
WARNING: [DRC RPBF-3] IO port buffering is incomplete: Device port lcd_rgb[8] expects both input and output buffering but the buffers are incomplete.
WARNING: [DRC RPBF-3] IO port buffering is incomplete: Device port lcd_rgb[9] expects both input and output buffering but the buffers are incomplete.
WARNING: [DRC RPBF-3] IO port buffering is incomplete: Device port touch_int expects both input and output buffering but the buffers are incomplete.
INFO: [Vivado_Tcl 4-198] DRC finished with 0 Errors, 22 Warnings
INFO: [Vivado_Tcl 4-199] Please refer to the DRC report (report_drc) for more information.

Starting Placer Task
INFO: [Place 30-611] Multithreading enabled for place_design using a maximum of 2 CPUs

Phase 1 Placer Initialization

Phase 1.1 Placer Initialization Netlist Sorting
Netlist sorting complete. Time (s): cpu = 00:00:00 ; elapsed = 00:00:00.001 . Memory (MB): peak = 1868.477 ; gain = 0.000
Phase 1.1 Placer Initialization Netlist Sorting | Checksum: 1705164d8

Time (s): cpu = 00:00:00 ; elapsed = 00:00:00.005 . Memory (MB): peak = 1868.477 ; gain = 0.000
Netlist sorting complete. Time (s): cpu = 00:00:00 ; elapsed = 00:00:00 . Memory (MB): peak = 1868.477 ; gain = 0.000

Phase 1.2 IO Placement/ Clock Placement/ Build Placer Device
Phase 1.2 IO Placement/ Clock Placement/ Build Placer Device | Checksum: fe10db8c

Time (s): cpu = 00:00:01 ; elapsed = 00:00:00.958 . Memory (MB): peak = 1868.477 ; gain = 0.000

Phase 1.3 Build Placer Netlist Model
Phase 1.3 Build Placer Netlist Model | Checksum: 1479ccede

Time (s): cpu = 00:00:02 ; elapsed = 00:00:01 . Memory (MB): peak = 1868.477 ; gain = 0.000

Phase 1.4 Constrain Clocks/Macros
Phase 1.4 Constrain Clocks/Macros | Checksum: 1479ccede

Time (s): cpu = 00:00:02 ; elapsed = 00:00:01 . Memory (MB): peak = 1868.477 ; gain = 0.000
Phase 1 Placer Initialization | Checksum: 1479ccede

Time (s): cpu = 00:00:02 ; elapsed = 00:00:01 . Memory (MB): peak = 1868.477 ; gain = 0.000

Phase 2 Global Placement

Phase 2.1 Floorplanning
Phase 2.1 Floorplanning | Checksum: 1f4fb64dc

Time (s): cpu = 00:00:02 ; elapsed = 00:00:02 . Memory (MB): peak = 1868.477 ; gain = 0.000

Phase 2.2 Update Timing before SLR Path Opt
Phase 2.2 Update Timing before SLR Path Opt | Checksum: 1a8dd7b70

Time (s): cpu = 00:00:02 ; elapsed = 00:00:02 . Memory (MB): peak = 1868.477 ; gain = 0.000

Phase 2.3 Global Placement Core

Phase 2.3.1 Physical Synthesis In Placer
INFO: [Physopt 32-1035] Found 0 LUTNM shape to break, 30 LUT instances to create LUTNM shape
INFO: [Physopt 32-1044] Break lutnm for timing: one critical 0, two critical 0, total 0, new lutff created 0
INFO: [Physopt 32-775] End 1 Pass. Optimized 12 nets or cells. Created 0 new cell, deleted 12 existing cells and moved 0 existing cell
INFO: [Physopt 32-65] No nets found for high-fanout optimization.
INFO: [Physopt 32-232] Optimized 0 net. Created 0 new instance.
INFO: [Physopt 32-775] End 1 Pass. Optimized 0 net or cell. Created 0 new cell, deleted 0 existing cell and moved 0 existing cell
INFO: [Physopt 32-670] No setup violation found.  DSP Register Optimization was not performed.
INFO: [Physopt 32-670] No setup violation found.  Shift Register to Pipeline Optimization was not performed.
INFO: [Physopt 32-670] No setup violation found.  Shift Register Optimization was not performed.
INFO: [Physopt 32-670] No setup violation found.  BRAM Register Optimization was not performed.
INFO: [Physopt 32-670] No setup violation found.  URAM Register Optimization was not performed.
INFO: [Physopt 32-949] No candidate nets found for dynamic/static region interface net replication
INFO: [Physopt 32-775] End 1 Pass. Optimized 0 net or cell. Created 0 new cell, deleted 0 existing cell and moved 0 existing cell
Netlist sorting complete. Time (s): cpu = 00:00:00 ; elapsed = 00:00:00.001 . Memory (MB): peak = 1868.477 ; gain = 0.000

Summary of Physical Synthesis Optimizations
============================================


-----------------------------------------------------------------------------------------------------------------------------------------------------------
|  Optimization                                     |  Added Cells  |  Removed Cells  |  Optimized Cells/Nets  |  Dont Touch  |  Iterations  |  Elapsed   |
-----------------------------------------------------------------------------------------------------------------------------------------------------------
|  LUT Combining                                    |            0  |             12  |                    12  |           0  |           1  |  00:00:00  |
|  Very High Fanout                                 |            0  |              0  |                     0  |           0  |           1  |  00:00:00  |
|  DSP Register                                     |            0  |              0  |                     0  |           0  |           0  |  00:00:00  |
|  Shift Register to Pipeline                       |            0  |              0  |                     0  |           0  |           0  |  00:00:00  |
|  Shift Register                                   |            0  |              0  |                     0  |           0  |           0  |  00:00:00  |
|  BRAM Register                                    |            0  |              0  |                     0  |           0  |           0  |  00:00:00  |
|  URAM Register                                    |            0  |              0  |                     0  |           0  |           0  |  00:00:00  |
|  Dynamic/Static Region Interface Net Replication  |            0  |              0  |                     0  |           0  |           1  |  00:00:00  |
|  Total                                            |            0  |             12  |                    12  |           0  |           3  |  00:00:00  |
-----------------------------------------------------------------------------------------------------------------------------------------------------------


Phase 2.3.1 Physical Synthesis In Placer | Checksum: 1fcb80bf9

Time (s): cpu = 00:00:06 ; elapsed = 00:00:04 . Memory (MB): peak = 1868.477 ; gain = 0.000
Phase 2.3 Global Placement Core | Checksum: 17be57f9a

Time (s): cpu = 00:00:07 ; elapsed = 00:00:04 . Memory (MB): peak = 1868.477 ; gain = 0.000
Phase 2 Global Placement | Checksum: 17be57f9a

Time (s): cpu = 00:00:07 ; elapsed = 00:00:04 . Memory (MB): peak = 1868.477 ; gain = 0.000

Phase 3 Detail Placement

Phase 3.1 Commit Multi Column Macros
Phase 3.1 Commit Multi Column Macros | Checksum: 172156510

Time (s): cpu = 00:00:07 ; elapsed = 00:00:04 . Memory (MB): peak = 1868.477 ; gain = 0.000

Phase 3.2 Commit Most Macros & LUTRAMs
Phase 3.2 Commit Most Macros & LUTRAMs | Checksum: 1e78ea739

Time (s): cpu = 00:00:07 ; elapsed = 00:00:04 . Memory (MB): peak = 1868.477 ; gain = 0.000

Phase 3.3 Area Swap Optimization
Phase 3.3 Area Swap Optimization | Checksum: 209e96734

Time (s): cpu = 00:00:07 ; elapsed = 00:00:04 . Memory (MB): peak = 1868.477 ; gain = 0.000

Phase 3.4 Pipeline Register Optimization
Phase 3.4 Pipeline Register Optimization | Checksum: 1f73145d5

Time (s): cpu = 00:00:07 ; elapsed = 00:00:04 . Memory (MB): peak = 1868.477 ; gain = 0.000

Phase 3.5 Small Shape Detail Placement
Phase 3.5 Small Shape Detail Placement | Checksum: 1efab5235

Time (s): cpu = 00:00:08 ; elapsed = 00:00:05 . Memory (MB): peak = 1868.477 ; gain = 0.000

Phase 3.6 Re-assign LUT pins
Phase 3.6 Re-assign LUT pins | Checksum: 12d34f710

Time (s): cpu = 00:00:08 ; elapsed = 00:00:05 . Memory (MB): peak = 1868.477 ; gain = 0.000

Phase 3.7 Pipeline Register Optimization
Phase 3.7 Pipeline Register Optimization | Checksum: 11b8d1631

Time (s): cpu = 00:00:08 ; elapsed = 00:00:05 . Memory (MB): peak = 1868.477 ; gain = 0.000
Phase 3 Detail Placement | Checksum: 11b8d1631

Time (s): cpu = 00:00:08 ; elapsed = 00:00:05 . Memory (MB): peak = 1868.477 ; gain = 0.000

Phase 4 Post Placement Optimization and Clean-Up

Phase 4.1 Post Commit Optimization
INFO: [Timing 38-35] Done setting XDC timing constraints.

Phase 4.1.1 Post Placement Optimization
Post Placement Optimization Initialization | Checksum: 1428dc940

Phase 4.1.1.1 BUFG Insertion

Starting Physical Synthesis Task

Phase 1 Physical Synthesis Initialization
INFO: [Physopt 32-721] Multithreading enabled for phys_opt_design using a maximum of 2 CPUs
INFO: [Physopt 32-619] Estimated Timing Summary | WNS=10.468 | TNS=0.000 |
Phase 1 Physical Synthesis Initialization | Checksum: 1eef3b402

Time (s): cpu = 00:00:00 ; elapsed = 00:00:00.045 . Memory (MB): peak = 1868.477 ; gain = 0.000
INFO: [Place 46-56] BUFG insertion identified 0 candidate nets. Inserted BUFG: 0, Replicated BUFG Driver: 0, Skipped due to Placement/Routing Conflicts: 0, Skipped due to Timing Degradation: 0, Skipped due to Illegal Netlist: 0.
Ending Physical Synthesis Task | Checksum: 13a0750a3

Time (s): cpu = 00:00:00 ; elapsed = 00:00:00.049 . Memory (MB): peak = 1868.477 ; gain = 0.000
Phase 4.1.1.1 BUFG Insertion | Checksum: 1428dc940

Time (s): cpu = 00:00:09 ; elapsed = 00:00:06 . Memory (MB): peak = 1868.477 ; gain = 0.000
INFO: [Place 30-746] Post Placement Timing Summary WNS=10.468. For the most accurate timing information please run report_timing.

Time (s): cpu = 00:00:09 ; elapsed = 00:00:06 . Memory (MB): peak = 1868.477 ; gain = 0.000
Phase 4.1 Post Commit Optimization | Checksum: 970c83d6

Time (s): cpu = 00:00:09 ; elapsed = 00:00:06 . Memory (MB): peak = 1868.477 ; gain = 0.000

Phase 4.2 Post Placement Cleanup
Phase 4.2 Post Placement Cleanup | Checksum: 970c83d6

Time (s): cpu = 00:00:09 ; elapsed = 00:00:06 . Memory (MB): peak = 1868.477 ; gain = 0.000

Phase 4.3 Placer Reporting

Phase 4.3.1 Print Estimated Congestion
INFO: [Place 30-612] Post-Placement Estimated Congestion 
 ____________________________________________________
|           | Global Congestion | Short Congestion  |
| Direction | Region Size       | Region Size       |
|___________|___________________|___________________|
|      North|                1x1|                1x1|
|___________|___________________|___________________|
|      South|                1x1|                1x1|
|___________|___________________|___________________|
|       East|                1x1|                2x2|
|___________|___________________|___________________|
|       West|                1x1|                1x1|
|___________|___________________|___________________|

Phase 4.3.1 Print Estimated Congestion | Checksum: 970c83d6

Time (s): cpu = 00:00:09 ; elapsed = 00:00:06 . Memory (MB): peak = 1868.477 ; gain = 0.000
Phase 4.3 Placer Reporting | Checksum: 970c83d6

Time (s): cpu = 00:00:09 ; elapsed = 00:00:06 . Memory (MB): peak = 1868.477 ; gain = 0.000

Phase 4.4 Final Placement Cleanup
Netlist sorting complete. Time (s): cpu = 00:00:00 ; elapsed = 00:00:00.001 . Memory (MB): peak = 1868.477 ; gain = 0.000

Time (s): cpu = 00:00:09 ; elapsed = 00:00:06 . Memory (MB): peak = 1868.477 ; gain = 0.000
Phase 4 Post Placement Optimization and Clean-Up | Checksum: 15a4ec9e7

Time (s): cpu = 00:00:09 ; elapsed = 00:00:06 . Memory (MB): peak = 1868.477 ; gain = 0.000
Ending Placer Task | Checksum: 123f580e7

Time (s): cpu = 00:00:09 ; elapsed = 00:00:06 . Memory (MB): peak = 1868.477 ; gain = 0.000
INFO: [Common 17-83] Releasing license: Implementation
61 Infos, 44 Warnings, 0 Critical Warnings and 0 Errors encountered.
place_design completed successfully
place_design: Time (s): cpu = 00:00:11 ; elapsed = 00:00:07 . Memory (MB): peak = 1868.477 ; gain = 4.453
INFO: [Timing 38-480] Writing timing data to binary archive.
Writing placer database...
Writing XDEF routing.
Writing XDEF routing logical nets.
Writing XDEF routing special nets.
Write XDEF Complete: Time (s): cpu = 00:00:01 ; elapsed = 00:00:00.197 . Memory (MB): peak = 1868.477 ; gain = 0.000
INFO: [Common 17-1381] The checkpoint 'D:/Desktop/28_top_lcd_touch/prj/top_lcd_touch.runs/impl_1/top_lcd_touch_placed.dcp' has been generated.
INFO: [runtcl-4] Executing : report_io -file top_lcd_touch_io_placed.rpt
report_io: Time (s): cpu = 00:00:00 ; elapsed = 00:00:00.047 . Memory (MB): peak = 1868.477 ; gain = 0.000
INFO: [runtcl-4] Executing : report_utilization -file top_lcd_touch_utilization_placed.rpt -pb top_lcd_touch_utilization_placed.pb
INFO: [runtcl-4] Executing : report_control_sets -verbose -file top_lcd_touch_control_sets_placed.rpt
report_control_sets: Time (s): cpu = 00:00:00 ; elapsed = 00:00:00.003 . Memory (MB): peak = 1868.477 ; gain = 0.000
Command: phys_opt_design
Attempting to get a license for feature 'Implementation' and/or device 'xc7z020'
INFO: [Common 17-349] Got license for feature 'Implementation' and/or device 'xc7z020'
INFO: [Vivado_Tcl 4-383] Design worst setup slack (WNS) is greater than or equal to 0.000 ns. Skipping all physical synthesis optimizations.
INFO: [Vivado_Tcl 4-232] No setup violation found. The netlist was not modified.
INFO: [Common 17-83] Releasing license: Implementation
70 Infos, 44 Warnings, 0 Critical Warnings and 0 Errors encountered.
phys_opt_design completed successfully
INFO: [Timing 38-480] Writing timing data to binary archive.
Writing placer database...
Writing XDEF routing.
Writing XDEF routing logical nets.
Writing XDEF routing special nets.
Write XDEF Complete: Time (s): cpu = 00:00:01 ; elapsed = 00:00:00.259 . Memory (MB): peak = 1876.715 ; gain = 8.238
INFO: [Common 17-1381] The checkpoint 'D:/Desktop/28_top_lcd_touch/prj/top_lcd_touch.runs/impl_1/top_lcd_touch_physopt.dcp' has been generated.
Command: route_design
Attempting to get a license for feature 'Implementation' and/or device 'xc7z020'
INFO: [Common 17-349] Got license for feature 'Implementation' and/or device 'xc7z020'
Running DRC as a precondition to command route_design
INFO: [DRC 23-27] Running DRC with 2 threads
INFO: [Vivado_Tcl 4-198] DRC finished with 0 Errors
INFO: [Vivado_Tcl 4-199] Please refer to the DRC report (report_drc) for more information.


Starting Routing Task
INFO: [Route 35-254] Multithreading enabled for route_design using a maximum of 2 CPUs
Checksum: PlaceDB: 2cee2b0b ConstDB: 0 ShapeSum: f70755dc RouteDB: 0

Phase 1 Build RT Design
Phase 1 Build RT Design | Checksum: 10954efc6

Time (s): cpu = 00:00:21 ; elapsed = 00:00:18 . Memory (MB): peak = 1991.797 ; gain = 105.035
Post Restoration Checksum: NetGraph: 9f769bd7 NumContArr: 69de53ef Constraints: 0 Timing: 0

Phase 2 Router Initialization

Phase 2.1 Create Timer
Phase 2.1 Create Timer | Checksum: 10954efc6

Time (s): cpu = 00:00:21 ; elapsed = 00:00:18 . Memory (MB): peak = 1991.797 ; gain = 105.035

Phase 2.2 Fix Topology Constraints
Phase 2.2 Fix Topology Constraints | Checksum: 10954efc6

Time (s): cpu = 00:00:21 ; elapsed = 00:00:18 . Memory (MB): peak = 1997.988 ; gain = 111.227

Phase 2.3 Pre Route Cleanup
Phase 2.3 Pre Route Cleanup | Checksum: 10954efc6

Time (s): cpu = 00:00:21 ; elapsed = 00:00:18 . Memory (MB): peak = 1997.988 ; gain = 111.227
 Number of Nodes with overlaps = 0

Phase 2.4 Update Timing
Phase 2.4 Update Timing | Checksum: 12ae5de85

Time (s): cpu = 00:00:22 ; elapsed = 00:00:19 . Memory (MB): peak = 2015.109 ; gain = 128.348
INFO: [Route 35-416] Intermediate Timing Summary | WNS=10.596 | TNS=0.000  | WHS=-0.747 | THS=-44.059|

Phase 2 Router Initialization | Checksum: 974a666b

Time (s): cpu = 00:00:23 ; elapsed = 00:00:19 . Memory (MB): peak = 2015.109 ; gain = 128.348

Router Utilization Summary
  Global Vertical Routing Utilization    = 0.00434918 %
  Global Horizontal Routing Utilization  = 0.010142 %
  Routable Net Status*
  *Does not include unroutable nets such as driverless and loadless.
  Run report_route_status for detailed report.
  Number of Failed Nets               = 2355
    (Failed Nets is the sum of unrouted and partially routed nets)
  Number of Unrouted Nets             = 2342
  Number of Partially Routed Nets     = 13
  Number of Node Overlaps             = 48


Phase 3 Initial Routing

Phase 3.1 Global Routing
Phase 3.1 Global Routing | Checksum: 974a666b

Time (s): cpu = 00:00:23 ; elapsed = 00:00:20 . Memory (MB): peak = 2020.402 ; gain = 133.641
Phase 3 Initial Routing | Checksum: 172ed4ba5

Time (s): cpu = 00:00:23 ; elapsed = 00:00:20 . Memory (MB): peak = 2020.402 ; gain = 133.641

Phase 4 Rip-up And Reroute

Phase 4.1 Global Iteration 0
 Number of Nodes with overlaps = 481
 Number of Nodes with overlaps = 13
 Number of Nodes with overlaps = 6
 Number of Nodes with overlaps = 3
 Number of Nodes with overlaps = 3
 Number of Nodes with overlaps = 1
 Number of Nodes with overlaps = 0
INFO: [Route 35-416] Intermediate Timing Summary | WNS=8.671  | TNS=0.000  | WHS=N/A    | THS=N/A    |

Phase 4.1 Global Iteration 0 | Checksum: 19b481cdb

Time (s): cpu = 00:00:26 ; elapsed = 00:00:22 . Memory (MB): peak = 2020.402 ; gain = 133.641
Phase 4 Rip-up And Reroute | Checksum: 19b481cdb

Time (s): cpu = 00:00:26 ; elapsed = 00:00:22 . Memory (MB): peak = 2020.402 ; gain = 133.641

Phase 5 Delay and Skew Optimization

Phase 5.1 Delay CleanUp
Phase 5.1 Delay CleanUp | Checksum: 19b481cdb

Time (s): cpu = 00:00:26 ; elapsed = 00:00:22 . Memory (MB): peak = 2020.402 ; gain = 133.641

Phase 5.2 Clock Skew Optimization
Phase 5.2 Clock Skew Optimization | Checksum: 19b481cdb

Time (s): cpu = 00:00:26 ; elapsed = 00:00:22 . Memory (MB): peak = 2020.402 ; gain = 133.641
Phase 5 Delay and Skew Optimization | Checksum: 19b481cdb

Time (s): cpu = 00:00:26 ; elapsed = 00:00:22 . Memory (MB): peak = 2020.402 ; gain = 133.641

Phase 6 Post Hold Fix

Phase 6.1 Hold Fix Iter

Phase 6.1.1 Update Timing
Phase 6.1.1 Update Timing | Checksum: 15639592c

Time (s): cpu = 00:00:26 ; elapsed = 00:00:22 . Memory (MB): peak = 2020.402 ; gain = 133.641
INFO: [Route 35-416] Intermediate Timing Summary | WNS=8.800  | TNS=0.000  | WHS=0.179  | THS=0.000  |

Phase 6.1 Hold Fix Iter | Checksum: 159cb8f62

Time (s): cpu = 00:00:26 ; elapsed = 00:00:22 . Memory (MB): peak = 2020.402 ; gain = 133.641
Phase 6 Post Hold Fix | Checksum: 159cb8f62

Time (s): cpu = 00:00:26 ; elapsed = 00:00:22 . Memory (MB): peak = 2020.402 ; gain = 133.641

Phase 7 Route finalize

Router Utilization Summary
  Global Vertical Routing Utilization    = 0.608729 %
  Global Horizontal Routing Utilization  = 0.821924 %
  Routable Net Status*
  *Does not include unroutable nets such as driverless and loadless.
  Run report_route_status for detailed report.
  Number of Failed Nets               = 0
    (Failed Nets is the sum of unrouted and partially routed nets)
  Number of Unrouted Nets             = 0
  Number of Partially Routed Nets     = 0
  Number of Node Overlaps             = 0

Phase 7 Route finalize | Checksum: 1425a3a5b

Time (s): cpu = 00:00:26 ; elapsed = 00:00:22 . Memory (MB): peak = 2020.402 ; gain = 133.641

Phase 8 Verifying routed nets

 Verification completed successfully
Phase 8 Verifying routed nets | Checksum: 1425a3a5b

Time (s): cpu = 00:00:26 ; elapsed = 00:00:22 . Memory (MB): peak = 2020.402 ; gain = 133.641

Phase 9 Depositing Routes
Phase 9 Depositing Routes | Checksum: 66cd581a

Time (s): cpu = 00:00:27 ; elapsed = 00:00:23 . Memory (MB): peak = 2020.402 ; gain = 133.641

Phase 10 Post Router Timing
INFO: [Route 35-57] Estimated Timing Summary | WNS=8.800  | TNS=0.000  | WHS=0.179  | THS=0.000  |

INFO: [Route 35-327] The final timing numbers are based on the router estimated timing analysis. For a complete and accurate timing signoff, please run report_timing_summary.
Phase 10 Post Router Timing | Checksum: 66cd581a

Time (s): cpu = 00:00:27 ; elapsed = 00:00:23 . Memory (MB): peak = 2020.402 ; gain = 133.641
INFO: [Route 35-16] Router Completed Successfully

Time (s): cpu = 00:00:27 ; elapsed = 00:00:23 . Memory (MB): peak = 2020.402 ; gain = 133.641

Routing Is Done.
INFO: [Common 17-83] Releasing license: Implementation
84 Infos, 44 Warnings, 0 Critical Warnings and 0 Errors encountered.
route_design completed successfully
route_design: Time (s): cpu = 00:00:29 ; elapsed = 00:00:24 . Memory (MB): peak = 2020.402 ; gain = 143.688
INFO: [Timing 38-480] Writing timing data to binary archive.
Writing placer database...
Writing XDEF routing.
Writing XDEF routing logical nets.
Writing XDEF routing special nets.
Write XDEF Complete: Time (s): cpu = 00:00:01 ; elapsed = 00:00:00.291 . Memory (MB): peak = 2029.961 ; gain = 9.559
INFO: [Common 17-1381] The checkpoint 'D:/Desktop/28_top_lcd_touch/prj/top_lcd_touch.runs/impl_1/top_lcd_touch_routed.dcp' has been generated.
INFO: [runtcl-4] Executing : report_drc -file top_lcd_touch_drc_routed.rpt -pb top_lcd_touch_drc_routed.pb -rpx top_lcd_touch_drc_routed.rpx
Command: report_drc -file top_lcd_touch_drc_routed.rpt -pb top_lcd_touch_drc_routed.pb -rpx top_lcd_touch_drc_routed.rpx
INFO: [IP_Flow 19-1839] IP Catalog is up to date.
INFO: [DRC 23-27] Running DRC with 2 threads
INFO: [Coretcl 2-168] The results of DRC are in file D:/Desktop/28_top_lcd_touch/prj/top_lcd_touch.runs/impl_1/top_lcd_touch_drc_routed.rpt.
report_drc completed successfully
INFO: [runtcl-4] Executing : report_methodology -file top_lcd_touch_methodology_drc_routed.rpt -pb top_lcd_touch_methodology_drc_routed.pb -rpx top_lcd_touch_methodology_drc_routed.rpx
Command: report_methodology -file top_lcd_touch_methodology_drc_routed.rpt -pb top_lcd_touch_methodology_drc_routed.pb -rpx top_lcd_touch_methodology_drc_routed.rpx
INFO: [Timing 38-35] Done setting XDC timing constraints.
INFO: [DRC 23-133] Running Methodology with 2 threads
INFO: [Coretcl 2-1520] The results of Report Methodology are in file D:/Desktop/28_top_lcd_touch/prj/top_lcd_touch.runs/impl_1/top_lcd_touch_methodology_drc_routed.rpt.
report_methodology completed successfully
INFO: [runtcl-4] Executing : report_power -file top_lcd_touch_power_routed.rpt -pb top_lcd_touch_power_summary_routed.pb -rpx top_lcd_touch_power_routed.rpx
Command: report_power -file top_lcd_touch_power_routed.rpt -pb top_lcd_touch_power_summary_routed.pb -rpx top_lcd_touch_power_routed.rpx
INFO: [Timing 38-35] Done setting XDC timing constraints.
Running Vector-less Activity Propagation...

Finished Running Vector-less Activity Propagation
WARNING: [Power 33-332] Found switching activity that implies high-fanout reset nets being asserted for excessive periods of time which may result in inaccurate power analysis.
Resolution: To review and fix problems, please run Power Constraints Advisor in the GUI from Tools > Power Constraints Advisor or run report_power with the -advisory option to generate a text report.
96 Infos, 45 Warnings, 0 Critical Warnings and 0 Errors encountered.
report_power completed successfully
INFO: [runtcl-4] Executing : report_route_status -file top_lcd_touch_route_status.rpt -pb top_lcd_touch_route_status.pb
INFO: [runtcl-4] Executing : report_timing_summary -max_paths 10 -file top_lcd_touch_timing_summary_routed.rpt -pb top_lcd_touch_timing_summary_routed.pb -rpx top_lcd_touch_timing_summary_routed.rpx -warn_on_violation 
INFO: [Timing 38-91] UpdateTimingParams: Speed grade: -2, Delay Type: min_max.
INFO: [Timing 38-191] Multithreading enabled for timing update using a maximum of 2 CPUs
INFO: [runtcl-4] Executing : report_incremental_reuse -file top_lcd_touch_incremental_reuse_routed.rpt
INFO: [Vivado_Tcl 4-1062] Incremental flow is disabled. No incremental reuse Info to report.
INFO: [runtcl-4] Executing : report_clock_utilization -file top_lcd_touch_clock_utilization_routed.rpt
INFO: [runtcl-4] Executing : report_bus_skew -warn_on_violation -file top_lcd_touch_bus_skew_routed.rpt -pb top_lcd_touch_bus_skew_routed.pb -rpx top_lcd_touch_bus_skew_routed.rpx
INFO: [Timing 38-91] UpdateTimingParams: Speed grade: -2, Delay Type: min_max.
INFO: [Timing 38-191] Multithreading enabled for timing update using a maximum of 2 CPUs
Command: write_bitstream -force top_lcd_touch.bit
Attempting to get a license for feature 'Implementation' and/or device 'xc7z020'
INFO: [Common 17-349] Got license for feature 'Implementation' and/or device 'xc7z020'
Running DRC as a precondition to command write_bitstream
INFO: [IP_Flow 19-1839] IP Catalog is up to date.
INFO: [DRC 23-27] Running DRC with 2 threads
WARNING: [DRC ZPS7-1] PS7 block required: The PS7 cell must be used in this Zynq design in order to enable correct default configuration.
INFO: [Vivado 12-3199] DRC finished with 0 Errors, 1 Warnings
INFO: [Vivado 12-3200] Please refer to the DRC report (report_drc) for more information.
INFO: [Designutils 20-2272] Running write_bitstream with 2 threads.
Loading data files...
Loading site data...
Loading route data...
Processing options...
Creating bitmap...
Creating bitstream...
Writing bitstream ./top_lcd_touch.bit...
INFO: [Vivado 12-1842] Bitgen Completed Successfully.
INFO: [Project 1-120] WebTalk data collection is mandatory when using a WebPACK part without a full Vivado license. To see the specific WebTalk data collected for your design, open the usage_statistics_webtalk.html or usage_statistics_webtalk.xml file in the implementation directory.
INFO: [Common 17-83] Releasing license: Implementation
12 Infos, 1 Warnings, 0 Critical Warnings and 0 Errors encountered.
write_bitstream completed successfully
write_bitstream: Time (s): cpu = 00:00:13 ; elapsed = 00:00:24 . Memory (MB): peak = 2517.324 ; gain = 459.672
INFO: [Common 17-206] Exiting Vivado at Mon Sep  4 14:22:48 2023...
