Copyright 1986-2022 Xilinx, Inc. All Rights Reserved. Copyright 2022-2023 Advanced Micro Devices, Inc. All Rights Reserved.
-----------------------------------------------------------------------------------------------------------------------------------------------------------------------------
| Tool Version : Vivado v.2023.1 (win64) Build 3865809 Sun May  7 15:05:29 MDT 2023
| Date         : Fri Nov 17 12:10:44 2023
| Host         : xyh running 64-bit major release  (build 9200)
| Command      : report_methodology -file top_lcd_touch_methodology_drc_routed.rpt -pb top_lcd_touch_methodology_drc_routed.pb -rpx top_lcd_touch_methodology_drc_routed.rpx
| Design       : top_lcd_touch
| Device       : xc7z020clg400-2
| Speed File   : -2
| Design State : Fully Routed
-----------------------------------------------------------------------------------------------------------------------------------------------------------------------------

Report Methodology

Table of Contents
-----------------
1. REPORT SUMMARY
2. REPORT DETAILS

1. REPORT SUMMARY
-----------------
            Netlist: netlist
          Floorplan: design_1
      Design limits: <entire design considered>
             Max violations: <unlimited>
             Violations found: 336
+-----------+------------------+----------------------------------+------------+
| Rule      | Severity         | Description                      | Violations |
+-----------+------------------+----------------------------------+------------+
| TIMING-17 | Critical Warning | Non-clocked sequential cell      | 309        |
| HPDR-1    | Warning          | Port pin direction inconsistency | 25         |
| TIMING-18 | Warning          | Missing input or output delay    | 2          |
+-----------+------------------+----------------------------------+------------+

2. REPORT DETAILS
-----------------
TIMING-17#1 Critical Warning
Non-clocked sequential cell  
The clock pin u_lcd_rgb_char/u_lcd_display/pixel_data_reg[23]/C is not reached by a timing clock
Related violations: <none>

TIMING-17#2 Critical Warning
Non-clocked sequential cell  
The clock pin u_lcd_rgb_char/u_lcd_driver/data_req_reg/C is not reached by a timing clock
Related violations: <none>

TIMING-17#3 Critical Warning
Non-clocked sequential cell  
The clock pin u_lcd_rgb_char/u_lcd_driver/h_cnt_reg[0]/C is not reached by a timing clock
Related violations: <none>

TIMING-17#4 Critical Warning
Non-clocked sequential cell  
The clock pin u_lcd_rgb_char/u_lcd_driver/h_cnt_reg[10]/C is not reached by a timing clock
Related violations: <none>

TIMING-17#5 Critical Warning
Non-clocked sequential cell  
The clock pin u_lcd_rgb_char/u_lcd_driver/h_cnt_reg[1]/C is not reached by a timing clock
Related violations: <none>

TIMING-17#6 Critical Warning
Non-clocked sequential cell  
The clock pin u_lcd_rgb_char/u_lcd_driver/h_cnt_reg[2]/C is not reached by a timing clock
Related violations: <none>

TIMING-17#7 Critical Warning
Non-clocked sequential cell  
The clock pin u_lcd_rgb_char/u_lcd_driver/h_cnt_reg[3]/C is not reached by a timing clock
Related violations: <none>

TIMING-17#8 Critical Warning
Non-clocked sequential cell  
The clock pin u_lcd_rgb_char/u_lcd_driver/h_cnt_reg[4]/C is not reached by a timing clock
Related violations: <none>

TIMING-17#9 Critical Warning
Non-clocked sequential cell  
The clock pin u_lcd_rgb_char/u_lcd_driver/h_cnt_reg[5]/C is not reached by a timing clock
Related violations: <none>

TIMING-17#10 Critical Warning
Non-clocked sequential cell  
The clock pin u_lcd_rgb_char/u_lcd_driver/h_cnt_reg[6]/C is not reached by a timing clock
Related violations: <none>

TIMING-17#11 Critical Warning
Non-clocked sequential cell  
The clock pin u_lcd_rgb_char/u_lcd_driver/h_cnt_reg[7]/C is not reached by a timing clock
Related violations: <none>

TIMING-17#12 Critical Warning
Non-clocked sequential cell  
The clock pin u_lcd_rgb_char/u_lcd_driver/h_cnt_reg[8]/C is not reached by a timing clock
Related violations: <none>

TIMING-17#13 Critical Warning
Non-clocked sequential cell  
The clock pin u_lcd_rgb_char/u_lcd_driver/h_cnt_reg[9]/C is not reached by a timing clock
Related violations: <none>

TIMING-17#14 Critical Warning
Non-clocked sequential cell  
The clock pin u_lcd_rgb_char/u_lcd_driver/lcd_de_reg/C is not reached by a timing clock
Related violations: <none>

TIMING-17#15 Critical Warning
Non-clocked sequential cell  
The clock pin u_lcd_rgb_char/u_lcd_driver/lcd_de_reg_lopt_replica/C is not reached by a timing clock
Related violations: <none>

TIMING-17#16 Critical Warning
Non-clocked sequential cell  
The clock pin u_lcd_rgb_char/u_lcd_driver/lcd_de_reg_lopt_replica_10/C is not reached by a timing clock
Related violations: <none>

TIMING-17#17 Critical Warning
Non-clocked sequential cell  
The clock pin u_lcd_rgb_char/u_lcd_driver/lcd_de_reg_lopt_replica_11/C is not reached by a timing clock
Related violations: <none>

TIMING-17#18 Critical Warning
Non-clocked sequential cell  
The clock pin u_lcd_rgb_char/u_lcd_driver/lcd_de_reg_lopt_replica_12/C is not reached by a timing clock
Related violations: <none>

TIMING-17#19 Critical Warning
Non-clocked sequential cell  
The clock pin u_lcd_rgb_char/u_lcd_driver/lcd_de_reg_lopt_replica_13/C is not reached by a timing clock
Related violations: <none>

TIMING-17#20 Critical Warning
Non-clocked sequential cell  
The clock pin u_lcd_rgb_char/u_lcd_driver/lcd_de_reg_lopt_replica_14/C is not reached by a timing clock
Related violations: <none>

TIMING-17#21 Critical Warning
Non-clocked sequential cell  
The clock pin u_lcd_rgb_char/u_lcd_driver/lcd_de_reg_lopt_replica_15/C is not reached by a timing clock
Related violations: <none>

TIMING-17#22 Critical Warning
Non-clocked sequential cell  
The clock pin u_lcd_rgb_char/u_lcd_driver/lcd_de_reg_lopt_replica_16/C is not reached by a timing clock
Related violations: <none>

TIMING-17#23 Critical Warning
Non-clocked sequential cell  
The clock pin u_lcd_rgb_char/u_lcd_driver/lcd_de_reg_lopt_replica_17/C is not reached by a timing clock
Related violations: <none>

TIMING-17#24 Critical Warning
Non-clocked sequential cell  
The clock pin u_lcd_rgb_char/u_lcd_driver/lcd_de_reg_lopt_replica_18/C is not reached by a timing clock
Related violations: <none>

TIMING-17#25 Critical Warning
Non-clocked sequential cell  
The clock pin u_lcd_rgb_char/u_lcd_driver/lcd_de_reg_lopt_replica_19/C is not reached by a timing clock
Related violations: <none>

TIMING-17#26 Critical Warning
Non-clocked sequential cell  
The clock pin u_lcd_rgb_char/u_lcd_driver/lcd_de_reg_lopt_replica_2/C is not reached by a timing clock
Related violations: <none>

TIMING-17#27 Critical Warning
Non-clocked sequential cell  
The clock pin u_lcd_rgb_char/u_lcd_driver/lcd_de_reg_lopt_replica_20/C is not reached by a timing clock
Related violations: <none>

TIMING-17#28 Critical Warning
Non-clocked sequential cell  
The clock pin u_lcd_rgb_char/u_lcd_driver/lcd_de_reg_lopt_replica_21/C is not reached by a timing clock
Related violations: <none>

TIMING-17#29 Critical Warning
Non-clocked sequential cell  
The clock pin u_lcd_rgb_char/u_lcd_driver/lcd_de_reg_lopt_replica_22/C is not reached by a timing clock
Related violations: <none>

TIMING-17#30 Critical Warning
Non-clocked sequential cell  
The clock pin u_lcd_rgb_char/u_lcd_driver/lcd_de_reg_lopt_replica_23/C is not reached by a timing clock
Related violations: <none>

TIMING-17#31 Critical Warning
Non-clocked sequential cell  
The clock pin u_lcd_rgb_char/u_lcd_driver/lcd_de_reg_lopt_replica_24/C is not reached by a timing clock
Related violations: <none>

TIMING-17#32 Critical Warning
Non-clocked sequential cell  
The clock pin u_lcd_rgb_char/u_lcd_driver/lcd_de_reg_lopt_replica_3/C is not reached by a timing clock
Related violations: <none>

TIMING-17#33 Critical Warning
Non-clocked sequential cell  
The clock pin u_lcd_rgb_char/u_lcd_driver/lcd_de_reg_lopt_replica_4/C is not reached by a timing clock
Related violations: <none>

TIMING-17#34 Critical Warning
Non-clocked sequential cell  
The clock pin u_lcd_rgb_char/u_lcd_driver/lcd_de_reg_lopt_replica_5/C is not reached by a timing clock
Related violations: <none>

TIMING-17#35 Critical Warning
Non-clocked sequential cell  
The clock pin u_lcd_rgb_char/u_lcd_driver/lcd_de_reg_lopt_replica_6/C is not reached by a timing clock
Related violations: <none>

TIMING-17#36 Critical Warning
Non-clocked sequential cell  
The clock pin u_lcd_rgb_char/u_lcd_driver/lcd_de_reg_lopt_replica_7/C is not reached by a timing clock
Related violations: <none>

TIMING-17#37 Critical Warning
Non-clocked sequential cell  
The clock pin u_lcd_rgb_char/u_lcd_driver/lcd_de_reg_lopt_replica_8/C is not reached by a timing clock
Related violations: <none>

TIMING-17#38 Critical Warning
Non-clocked sequential cell  
The clock pin u_lcd_rgb_char/u_lcd_driver/lcd_de_reg_lopt_replica_9/C is not reached by a timing clock
Related violations: <none>

TIMING-17#39 Critical Warning
Non-clocked sequential cell  
The clock pin u_lcd_rgb_char/u_lcd_driver/pixel_xpos_reg[0]/C is not reached by a timing clock
Related violations: <none>

TIMING-17#40 Critical Warning
Non-clocked sequential cell  
The clock pin u_lcd_rgb_char/u_lcd_driver/pixel_xpos_reg[0]_rep/C is not reached by a timing clock
Related violations: <none>

TIMING-17#41 Critical Warning
Non-clocked sequential cell  
The clock pin u_lcd_rgb_char/u_lcd_driver/pixel_xpos_reg[0]_rep__0/C is not reached by a timing clock
Related violations: <none>

TIMING-17#42 Critical Warning
Non-clocked sequential cell  
The clock pin u_lcd_rgb_char/u_lcd_driver/pixel_xpos_reg[0]_rep__1/C is not reached by a timing clock
Related violations: <none>

TIMING-17#43 Critical Warning
Non-clocked sequential cell  
The clock pin u_lcd_rgb_char/u_lcd_driver/pixel_xpos_reg[10]/C is not reached by a timing clock
Related violations: <none>

TIMING-17#44 Critical Warning
Non-clocked sequential cell  
The clock pin u_lcd_rgb_char/u_lcd_driver/pixel_xpos_reg[1]/C is not reached by a timing clock
Related violations: <none>

TIMING-17#45 Critical Warning
Non-clocked sequential cell  
The clock pin u_lcd_rgb_char/u_lcd_driver/pixel_xpos_reg[1]_rep/C is not reached by a timing clock
Related violations: <none>

TIMING-17#46 Critical Warning
Non-clocked sequential cell  
The clock pin u_lcd_rgb_char/u_lcd_driver/pixel_xpos_reg[1]_rep__0/C is not reached by a timing clock
Related violations: <none>

TIMING-17#47 Critical Warning
Non-clocked sequential cell  
The clock pin u_lcd_rgb_char/u_lcd_driver/pixel_xpos_reg[1]_rep__1/C is not reached by a timing clock
Related violations: <none>

TIMING-17#48 Critical Warning
Non-clocked sequential cell  
The clock pin u_lcd_rgb_char/u_lcd_driver/pixel_xpos_reg[2]/C is not reached by a timing clock
Related violations: <none>

TIMING-17#49 Critical Warning
Non-clocked sequential cell  
The clock pin u_lcd_rgb_char/u_lcd_driver/pixel_xpos_reg[2]_rep/C is not reached by a timing clock
Related violations: <none>

TIMING-17#50 Critical Warning
Non-clocked sequential cell  
The clock pin u_lcd_rgb_char/u_lcd_driver/pixel_xpos_reg[2]_rep__0/C is not reached by a timing clock
Related violations: <none>

TIMING-17#51 Critical Warning
Non-clocked sequential cell  
The clock pin u_lcd_rgb_char/u_lcd_driver/pixel_xpos_reg[2]_rep__1/C is not reached by a timing clock
Related violations: <none>

TIMING-17#52 Critical Warning
Non-clocked sequential cell  
The clock pin u_lcd_rgb_char/u_lcd_driver/pixel_xpos_reg[3]/C is not reached by a timing clock
Related violations: <none>

TIMING-17#53 Critical Warning
Non-clocked sequential cell  
The clock pin u_lcd_rgb_char/u_lcd_driver/pixel_xpos_reg[4]/C is not reached by a timing clock
Related violations: <none>

TIMING-17#54 Critical Warning
Non-clocked sequential cell  
The clock pin u_lcd_rgb_char/u_lcd_driver/pixel_xpos_reg[5]/C is not reached by a timing clock
Related violations: <none>

TIMING-17#55 Critical Warning
Non-clocked sequential cell  
The clock pin u_lcd_rgb_char/u_lcd_driver/pixel_xpos_reg[6]/C is not reached by a timing clock
Related violations: <none>

TIMING-17#56 Critical Warning
Non-clocked sequential cell  
The clock pin u_lcd_rgb_char/u_lcd_driver/pixel_xpos_reg[7]/C is not reached by a timing clock
Related violations: <none>

TIMING-17#57 Critical Warning
Non-clocked sequential cell  
The clock pin u_lcd_rgb_char/u_lcd_driver/pixel_xpos_reg[8]/C is not reached by a timing clock
Related violations: <none>

TIMING-17#58 Critical Warning
Non-clocked sequential cell  
The clock pin u_lcd_rgb_char/u_lcd_driver/pixel_xpos_reg[9]/C is not reached by a timing clock
Related violations: <none>

TIMING-17#59 Critical Warning
Non-clocked sequential cell  
The clock pin u_lcd_rgb_char/u_lcd_driver/pixel_ypos_reg[0]/C is not reached by a timing clock
Related violations: <none>

TIMING-17#60 Critical Warning
Non-clocked sequential cell  
The clock pin u_lcd_rgb_char/u_lcd_driver/pixel_ypos_reg[10]/C is not reached by a timing clock
Related violations: <none>

TIMING-17#61 Critical Warning
Non-clocked sequential cell  
The clock pin u_lcd_rgb_char/u_lcd_driver/pixel_ypos_reg[1]/C is not reached by a timing clock
Related violations: <none>

TIMING-17#62 Critical Warning
Non-clocked sequential cell  
The clock pin u_lcd_rgb_char/u_lcd_driver/pixel_ypos_reg[2]/C is not reached by a timing clock
Related violations: <none>

TIMING-17#63 Critical Warning
Non-clocked sequential cell  
The clock pin u_lcd_rgb_char/u_lcd_driver/pixel_ypos_reg[3]/C is not reached by a timing clock
Related violations: <none>

TIMING-17#64 Critical Warning
Non-clocked sequential cell  
The clock pin u_lcd_rgb_char/u_lcd_driver/pixel_ypos_reg[4]/C is not reached by a timing clock
Related violations: <none>

TIMING-17#65 Critical Warning
Non-clocked sequential cell  
The clock pin u_lcd_rgb_char/u_lcd_driver/pixel_ypos_reg[5]/C is not reached by a timing clock
Related violations: <none>

TIMING-17#66 Critical Warning
Non-clocked sequential cell  
The clock pin u_lcd_rgb_char/u_lcd_driver/pixel_ypos_reg[6]/C is not reached by a timing clock
Related violations: <none>

TIMING-17#67 Critical Warning
Non-clocked sequential cell  
The clock pin u_lcd_rgb_char/u_lcd_driver/pixel_ypos_reg[7]/C is not reached by a timing clock
Related violations: <none>

TIMING-17#68 Critical Warning
Non-clocked sequential cell  
The clock pin u_lcd_rgb_char/u_lcd_driver/pixel_ypos_reg[8]/C is not reached by a timing clock
Related violations: <none>

TIMING-17#69 Critical Warning
Non-clocked sequential cell  
The clock pin u_lcd_rgb_char/u_lcd_driver/pixel_ypos_reg[9]/C is not reached by a timing clock
Related violations: <none>

TIMING-17#70 Critical Warning
Non-clocked sequential cell  
The clock pin u_lcd_rgb_char/u_lcd_driver/v_cnt_reg[0]/C is not reached by a timing clock
Related violations: <none>

TIMING-17#71 Critical Warning
Non-clocked sequential cell  
The clock pin u_lcd_rgb_char/u_lcd_driver/v_cnt_reg[10]/C is not reached by a timing clock
Related violations: <none>

TIMING-17#72 Critical Warning
Non-clocked sequential cell  
The clock pin u_lcd_rgb_char/u_lcd_driver/v_cnt_reg[1]/C is not reached by a timing clock
Related violations: <none>

TIMING-17#73 Critical Warning
Non-clocked sequential cell  
The clock pin u_lcd_rgb_char/u_lcd_driver/v_cnt_reg[2]/C is not reached by a timing clock
Related violations: <none>

TIMING-17#74 Critical Warning
Non-clocked sequential cell  
The clock pin u_lcd_rgb_char/u_lcd_driver/v_cnt_reg[3]/C is not reached by a timing clock
Related violations: <none>

TIMING-17#75 Critical Warning
Non-clocked sequential cell  
The clock pin u_lcd_rgb_char/u_lcd_driver/v_cnt_reg[4]/C is not reached by a timing clock
Related violations: <none>

TIMING-17#76 Critical Warning
Non-clocked sequential cell  
The clock pin u_lcd_rgb_char/u_lcd_driver/v_cnt_reg[5]/C is not reached by a timing clock
Related violations: <none>

TIMING-17#77 Critical Warning
Non-clocked sequential cell  
The clock pin u_lcd_rgb_char/u_lcd_driver/v_cnt_reg[6]/C is not reached by a timing clock
Related violations: <none>

TIMING-17#78 Critical Warning
Non-clocked sequential cell  
The clock pin u_lcd_rgb_char/u_lcd_driver/v_cnt_reg[7]/C is not reached by a timing clock
Related violations: <none>

TIMING-17#79 Critical Warning
Non-clocked sequential cell  
The clock pin u_lcd_rgb_char/u_lcd_driver/v_cnt_reg[8]/C is not reached by a timing clock
Related violations: <none>

TIMING-17#80 Critical Warning
Non-clocked sequential cell  
The clock pin u_lcd_rgb_char/u_lcd_driver/v_cnt_reg[9]/C is not reached by a timing clock
Related violations: <none>

TIMING-17#81 Critical Warning
Non-clocked sequential cell  
The clock pin u_touch_top/u_i2c_dri/ack_reg/C is not reached by a timing clock
Related violations: <none>

TIMING-17#82 Critical Warning
Non-clocked sequential cell  
The clock pin u_touch_top/u_i2c_dri/addr_t_reg[0]/C is not reached by a timing clock
Related violations: <none>

TIMING-17#83 Critical Warning
Non-clocked sequential cell  
The clock pin u_touch_top/u_i2c_dri/addr_t_reg[1]/C is not reached by a timing clock
Related violations: <none>

TIMING-17#84 Critical Warning
Non-clocked sequential cell  
The clock pin u_touch_top/u_i2c_dri/addr_t_reg[2]/C is not reached by a timing clock
Related violations: <none>

TIMING-17#85 Critical Warning
Non-clocked sequential cell  
The clock pin u_touch_top/u_i2c_dri/addr_t_reg[3]/C is not reached by a timing clock
Related violations: <none>

TIMING-17#86 Critical Warning
Non-clocked sequential cell  
The clock pin u_touch_top/u_i2c_dri/addr_t_reg[4]/C is not reached by a timing clock
Related violations: <none>

TIMING-17#87 Critical Warning
Non-clocked sequential cell  
The clock pin u_touch_top/u_i2c_dri/addr_t_reg[5]/C is not reached by a timing clock
Related violations: <none>

TIMING-17#88 Critical Warning
Non-clocked sequential cell  
The clock pin u_touch_top/u_i2c_dri/addr_t_reg[6]/C is not reached by a timing clock
Related violations: <none>

TIMING-17#89 Critical Warning
Non-clocked sequential cell  
The clock pin u_touch_top/u_i2c_dri/addr_t_reg[7]/C is not reached by a timing clock
Related violations: <none>

TIMING-17#90 Critical Warning
Non-clocked sequential cell  
The clock pin u_touch_top/u_i2c_dri/cnt_reg[0]/C is not reached by a timing clock
Related violations: <none>

TIMING-17#91 Critical Warning
Non-clocked sequential cell  
The clock pin u_touch_top/u_i2c_dri/cnt_reg[1]/C is not reached by a timing clock
Related violations: <none>

TIMING-17#92 Critical Warning
Non-clocked sequential cell  
The clock pin u_touch_top/u_i2c_dri/cnt_reg[2]/C is not reached by a timing clock
Related violations: <none>

TIMING-17#93 Critical Warning
Non-clocked sequential cell  
The clock pin u_touch_top/u_i2c_dri/cnt_reg[3]/C is not reached by a timing clock
Related violations: <none>

TIMING-17#94 Critical Warning
Non-clocked sequential cell  
The clock pin u_touch_top/u_i2c_dri/cnt_reg[4]/C is not reached by a timing clock
Related violations: <none>

TIMING-17#95 Critical Warning
Non-clocked sequential cell  
The clock pin u_touch_top/u_i2c_dri/cnt_reg[5]/C is not reached by a timing clock
Related violations: <none>

TIMING-17#96 Critical Warning
Non-clocked sequential cell  
The clock pin u_touch_top/u_i2c_dri/cnt_reg[6]/C is not reached by a timing clock
Related violations: <none>

TIMING-17#97 Critical Warning
Non-clocked sequential cell  
The clock pin u_touch_top/u_i2c_dri/cur_state_reg[0]/C is not reached by a timing clock
Related violations: <none>

TIMING-17#98 Critical Warning
Non-clocked sequential cell  
The clock pin u_touch_top/u_i2c_dri/cur_state_reg[1]/C is not reached by a timing clock
Related violations: <none>

TIMING-17#99 Critical Warning
Non-clocked sequential cell  
The clock pin u_touch_top/u_i2c_dri/cur_state_reg[2]/C is not reached by a timing clock
Related violations: <none>

TIMING-17#100 Critical Warning
Non-clocked sequential cell  
The clock pin u_touch_top/u_i2c_dri/cur_state_reg[3]/C is not reached by a timing clock
Related violations: <none>

TIMING-17#101 Critical Warning
Non-clocked sequential cell  
The clock pin u_touch_top/u_i2c_dri/cur_state_reg[4]/C is not reached by a timing clock
Related violations: <none>

TIMING-17#102 Critical Warning
Non-clocked sequential cell  
The clock pin u_touch_top/u_i2c_dri/cur_state_reg[5]/C is not reached by a timing clock
Related violations: <none>

TIMING-17#103 Critical Warning
Non-clocked sequential cell  
The clock pin u_touch_top/u_i2c_dri/cur_state_reg[6]/C is not reached by a timing clock
Related violations: <none>

TIMING-17#104 Critical Warning
Non-clocked sequential cell  
The clock pin u_touch_top/u_i2c_dri/cur_state_reg[7]/C is not reached by a timing clock
Related violations: <none>

TIMING-17#105 Critical Warning
Non-clocked sequential cell  
The clock pin u_touch_top/u_i2c_dri/data_r_reg[0]/C is not reached by a timing clock
Related violations: <none>

TIMING-17#106 Critical Warning
Non-clocked sequential cell  
The clock pin u_touch_top/u_i2c_dri/data_r_reg[1]/C is not reached by a timing clock
Related violations: <none>

TIMING-17#107 Critical Warning
Non-clocked sequential cell  
The clock pin u_touch_top/u_i2c_dri/data_r_reg[2]/C is not reached by a timing clock
Related violations: <none>

TIMING-17#108 Critical Warning
Non-clocked sequential cell  
The clock pin u_touch_top/u_i2c_dri/data_r_reg[3]/C is not reached by a timing clock
Related violations: <none>

TIMING-17#109 Critical Warning
Non-clocked sequential cell  
The clock pin u_touch_top/u_i2c_dri/data_r_reg[4]/C is not reached by a timing clock
Related violations: <none>

TIMING-17#110 Critical Warning
Non-clocked sequential cell  
The clock pin u_touch_top/u_i2c_dri/data_r_reg[5]/C is not reached by a timing clock
Related violations: <none>

TIMING-17#111 Critical Warning
Non-clocked sequential cell  
The clock pin u_touch_top/u_i2c_dri/data_r_reg[6]/C is not reached by a timing clock
Related violations: <none>

TIMING-17#112 Critical Warning
Non-clocked sequential cell  
The clock pin u_touch_top/u_i2c_dri/data_r_reg[7]/C is not reached by a timing clock
Related violations: <none>

TIMING-17#113 Critical Warning
Non-clocked sequential cell  
The clock pin u_touch_top/u_i2c_dri/data_wr_t_reg[2]/C is not reached by a timing clock
Related violations: <none>

TIMING-17#114 Critical Warning
Non-clocked sequential cell  
The clock pin u_touch_top/u_i2c_dri/data_wr_t_reg[3]/C is not reached by a timing clock
Related violations: <none>

TIMING-17#115 Critical Warning
Non-clocked sequential cell  
The clock pin u_touch_top/u_i2c_dri/data_wr_t_reg[4]/C is not reached by a timing clock
Related violations: <none>

TIMING-17#116 Critical Warning
Non-clocked sequential cell  
The clock pin u_touch_top/u_i2c_dri/i2c_data_r_reg[0]/C is not reached by a timing clock
Related violations: <none>

TIMING-17#117 Critical Warning
Non-clocked sequential cell  
The clock pin u_touch_top/u_i2c_dri/i2c_data_r_reg[1]/C is not reached by a timing clock
Related violations: <none>

TIMING-17#118 Critical Warning
Non-clocked sequential cell  
The clock pin u_touch_top/u_i2c_dri/i2c_data_r_reg[2]/C is not reached by a timing clock
Related violations: <none>

TIMING-17#119 Critical Warning
Non-clocked sequential cell  
The clock pin u_touch_top/u_i2c_dri/i2c_data_r_reg[3]/C is not reached by a timing clock
Related violations: <none>

TIMING-17#120 Critical Warning
Non-clocked sequential cell  
The clock pin u_touch_top/u_i2c_dri/i2c_data_r_reg[4]/C is not reached by a timing clock
Related violations: <none>

TIMING-17#121 Critical Warning
Non-clocked sequential cell  
The clock pin u_touch_top/u_i2c_dri/i2c_data_r_reg[5]/C is not reached by a timing clock
Related violations: <none>

TIMING-17#122 Critical Warning
Non-clocked sequential cell  
The clock pin u_touch_top/u_i2c_dri/i2c_data_r_reg[6]/C is not reached by a timing clock
Related violations: <none>

TIMING-17#123 Critical Warning
Non-clocked sequential cell  
The clock pin u_touch_top/u_i2c_dri/i2c_data_r_reg[7]/C is not reached by a timing clock
Related violations: <none>

TIMING-17#124 Critical Warning
Non-clocked sequential cell  
The clock pin u_touch_top/u_i2c_dri/i2c_done_reg/C is not reached by a timing clock
Related violations: <none>

TIMING-17#125 Critical Warning
Non-clocked sequential cell  
The clock pin u_touch_top/u_i2c_dri/once_byte_done_reg/C is not reached by a timing clock
Related violations: <none>

TIMING-17#126 Critical Warning
Non-clocked sequential cell  
The clock pin u_touch_top/u_i2c_dri/reg_cnt_reg[0]/C is not reached by a timing clock
Related violations: <none>

TIMING-17#127 Critical Warning
Non-clocked sequential cell  
The clock pin u_touch_top/u_i2c_dri/reg_cnt_reg[1]/C is not reached by a timing clock
Related violations: <none>

TIMING-17#128 Critical Warning
Non-clocked sequential cell  
The clock pin u_touch_top/u_i2c_dri/reg_cnt_reg[2]/C is not reached by a timing clock
Related violations: <none>

TIMING-17#129 Critical Warning
Non-clocked sequential cell  
The clock pin u_touch_top/u_i2c_dri/reg_cnt_reg[3]/C is not reached by a timing clock
Related violations: <none>

TIMING-17#130 Critical Warning
Non-clocked sequential cell  
The clock pin u_touch_top/u_i2c_dri/reg_cnt_reg[4]/C is not reached by a timing clock
Related violations: <none>

TIMING-17#131 Critical Warning
Non-clocked sequential cell  
The clock pin u_touch_top/u_i2c_dri/reg_cnt_reg[5]/C is not reached by a timing clock
Related violations: <none>

TIMING-17#132 Critical Warning
Non-clocked sequential cell  
The clock pin u_touch_top/u_i2c_dri/reg_cnt_reg[6]/C is not reached by a timing clock
Related violations: <none>

TIMING-17#133 Critical Warning
Non-clocked sequential cell  
The clock pin u_touch_top/u_i2c_dri/reg_cnt_reg[7]/C is not reached by a timing clock
Related violations: <none>

TIMING-17#134 Critical Warning
Non-clocked sequential cell  
The clock pin u_touch_top/u_i2c_dri/scl_reg/C is not reached by a timing clock
Related violations: <none>

TIMING-17#135 Critical Warning
Non-clocked sequential cell  
The clock pin u_touch_top/u_i2c_dri/sda_dir_reg/C is not reached by a timing clock
Related violations: <none>

TIMING-17#136 Critical Warning
Non-clocked sequential cell  
The clock pin u_touch_top/u_i2c_dri/sda_out_reg/C is not reached by a timing clock
Related violations: <none>

TIMING-17#137 Critical Warning
Non-clocked sequential cell  
The clock pin u_touch_top/u_i2c_dri/st_done_reg/C is not reached by a timing clock
Related violations: <none>

TIMING-17#138 Critical Warning
Non-clocked sequential cell  
The clock pin u_touch_top/u_i2c_dri/wr_flag_reg/C is not reached by a timing clock
Related violations: <none>

TIMING-17#139 Critical Warning
Non-clocked sequential cell  
The clock pin u_touch_top/u_touch_dri/chip_version_reg[0]/C is not reached by a timing clock
Related violations: <none>

TIMING-17#140 Critical Warning
Non-clocked sequential cell  
The clock pin u_touch_top/u_touch_dri/chip_version_reg[10]/C is not reached by a timing clock
Related violations: <none>

TIMING-17#141 Critical Warning
Non-clocked sequential cell  
The clock pin u_touch_top/u_touch_dri/chip_version_reg[11]/C is not reached by a timing clock
Related violations: <none>

TIMING-17#142 Critical Warning
Non-clocked sequential cell  
The clock pin u_touch_top/u_touch_dri/chip_version_reg[12]/C is not reached by a timing clock
Related violations: <none>

TIMING-17#143 Critical Warning
Non-clocked sequential cell  
The clock pin u_touch_top/u_touch_dri/chip_version_reg[13]/C is not reached by a timing clock
Related violations: <none>

TIMING-17#144 Critical Warning
Non-clocked sequential cell  
The clock pin u_touch_top/u_touch_dri/chip_version_reg[14]/C is not reached by a timing clock
Related violations: <none>

TIMING-17#145 Critical Warning
Non-clocked sequential cell  
The clock pin u_touch_top/u_touch_dri/chip_version_reg[15]/C is not reached by a timing clock
Related violations: <none>

TIMING-17#146 Critical Warning
Non-clocked sequential cell  
The clock pin u_touch_top/u_touch_dri/chip_version_reg[1]/C is not reached by a timing clock
Related violations: <none>

TIMING-17#147 Critical Warning
Non-clocked sequential cell  
The clock pin u_touch_top/u_touch_dri/chip_version_reg[2]/C is not reached by a timing clock
Related violations: <none>

TIMING-17#148 Critical Warning
Non-clocked sequential cell  
The clock pin u_touch_top/u_touch_dri/chip_version_reg[3]/C is not reached by a timing clock
Related violations: <none>

TIMING-17#149 Critical Warning
Non-clocked sequential cell  
The clock pin u_touch_top/u_touch_dri/chip_version_reg[4]/C is not reached by a timing clock
Related violations: <none>

TIMING-17#150 Critical Warning
Non-clocked sequential cell  
The clock pin u_touch_top/u_touch_dri/chip_version_reg[5]/C is not reached by a timing clock
Related violations: <none>

TIMING-17#151 Critical Warning
Non-clocked sequential cell  
The clock pin u_touch_top/u_touch_dri/chip_version_reg[6]/C is not reached by a timing clock
Related violations: <none>

TIMING-17#152 Critical Warning
Non-clocked sequential cell  
The clock pin u_touch_top/u_touch_dri/chip_version_reg[7]/C is not reached by a timing clock
Related violations: <none>

TIMING-17#153 Critical Warning
Non-clocked sequential cell  
The clock pin u_touch_top/u_touch_dri/chip_version_reg[8]/C is not reached by a timing clock
Related violations: <none>

TIMING-17#154 Critical Warning
Non-clocked sequential cell  
The clock pin u_touch_top/u_touch_dri/chip_version_reg[9]/C is not reached by a timing clock
Related violations: <none>

TIMING-17#155 Critical Warning
Non-clocked sequential cell  
The clock pin u_touch_top/u_touch_dri/cnt_time_en_reg/C is not reached by a timing clock
Related violations: <none>

TIMING-17#156 Critical Warning
Non-clocked sequential cell  
The clock pin u_touch_top/u_touch_dri/cnt_time_reg[0]/C is not reached by a timing clock
Related violations: <none>

TIMING-17#157 Critical Warning
Non-clocked sequential cell  
The clock pin u_touch_top/u_touch_dri/cnt_time_reg[10]/C is not reached by a timing clock
Related violations: <none>

TIMING-17#158 Critical Warning
Non-clocked sequential cell  
The clock pin u_touch_top/u_touch_dri/cnt_time_reg[11]/C is not reached by a timing clock
Related violations: <none>

TIMING-17#159 Critical Warning
Non-clocked sequential cell  
The clock pin u_touch_top/u_touch_dri/cnt_time_reg[12]/C is not reached by a timing clock
Related violations: <none>

TIMING-17#160 Critical Warning
Non-clocked sequential cell  
The clock pin u_touch_top/u_touch_dri/cnt_time_reg[13]/C is not reached by a timing clock
Related violations: <none>

TIMING-17#161 Critical Warning
Non-clocked sequential cell  
The clock pin u_touch_top/u_touch_dri/cnt_time_reg[14]/C is not reached by a timing clock
Related violations: <none>

TIMING-17#162 Critical Warning
Non-clocked sequential cell  
The clock pin u_touch_top/u_touch_dri/cnt_time_reg[15]/C is not reached by a timing clock
Related violations: <none>

TIMING-17#163 Critical Warning
Non-clocked sequential cell  
The clock pin u_touch_top/u_touch_dri/cnt_time_reg[16]/C is not reached by a timing clock
Related violations: <none>

TIMING-17#164 Critical Warning
Non-clocked sequential cell  
The clock pin u_touch_top/u_touch_dri/cnt_time_reg[17]/C is not reached by a timing clock
Related violations: <none>

TIMING-17#165 Critical Warning
Non-clocked sequential cell  
The clock pin u_touch_top/u_touch_dri/cnt_time_reg[18]/C is not reached by a timing clock
Related violations: <none>

TIMING-17#166 Critical Warning
Non-clocked sequential cell  
The clock pin u_touch_top/u_touch_dri/cnt_time_reg[19]/C is not reached by a timing clock
Related violations: <none>

TIMING-17#167 Critical Warning
Non-clocked sequential cell  
The clock pin u_touch_top/u_touch_dri/cnt_time_reg[1]/C is not reached by a timing clock
Related violations: <none>

TIMING-17#168 Critical Warning
Non-clocked sequential cell  
The clock pin u_touch_top/u_touch_dri/cnt_time_reg[2]/C is not reached by a timing clock
Related violations: <none>

TIMING-17#169 Critical Warning
Non-clocked sequential cell  
The clock pin u_touch_top/u_touch_dri/cnt_time_reg[3]/C is not reached by a timing clock
Related violations: <none>

TIMING-17#170 Critical Warning
Non-clocked sequential cell  
The clock pin u_touch_top/u_touch_dri/cnt_time_reg[4]/C is not reached by a timing clock
Related violations: <none>

TIMING-17#171 Critical Warning
Non-clocked sequential cell  
The clock pin u_touch_top/u_touch_dri/cnt_time_reg[5]/C is not reached by a timing clock
Related violations: <none>

TIMING-17#172 Critical Warning
Non-clocked sequential cell  
The clock pin u_touch_top/u_touch_dri/cnt_time_reg[6]/C is not reached by a timing clock
Related violations: <none>

TIMING-17#173 Critical Warning
Non-clocked sequential cell  
The clock pin u_touch_top/u_touch_dri/cnt_time_reg[7]/C is not reached by a timing clock
Related violations: <none>

TIMING-17#174 Critical Warning
Non-clocked sequential cell  
The clock pin u_touch_top/u_touch_dri/cnt_time_reg[8]/C is not reached by a timing clock
Related violations: <none>

TIMING-17#175 Critical Warning
Non-clocked sequential cell  
The clock pin u_touch_top/u_touch_dri/cnt_time_reg[9]/C is not reached by a timing clock
Related violations: <none>

TIMING-17#176 Critical Warning
Non-clocked sequential cell  
The clock pin u_touch_top/u_touch_dri/coord_reg_reg[1]/C is not reached by a timing clock
Related violations: <none>

TIMING-17#177 Critical Warning
Non-clocked sequential cell  
The clock pin u_touch_top/u_touch_dri/coord_reg_reg[6]/C is not reached by a timing clock
Related violations: <none>

TIMING-17#178 Critical Warning
Non-clocked sequential cell  
The clock pin u_touch_top/u_touch_dri/cur_state_reg[0]/C is not reached by a timing clock
Related violations: <none>

TIMING-17#179 Critical Warning
Non-clocked sequential cell  
The clock pin u_touch_top/u_touch_dri/cur_state_reg[1]/C is not reached by a timing clock
Related violations: <none>

TIMING-17#180 Critical Warning
Non-clocked sequential cell  
The clock pin u_touch_top/u_touch_dri/cur_state_reg[2]/C is not reached by a timing clock
Related violations: <none>

TIMING-17#181 Critical Warning
Non-clocked sequential cell  
The clock pin u_touch_top/u_touch_dri/cur_state_reg[3]/C is not reached by a timing clock
Related violations: <none>

TIMING-17#182 Critical Warning
Non-clocked sequential cell  
The clock pin u_touch_top/u_touch_dri/cur_state_reg[4]/C is not reached by a timing clock
Related violations: <none>

TIMING-17#183 Critical Warning
Non-clocked sequential cell  
The clock pin u_touch_top/u_touch_dri/cur_state_reg[5]/C is not reached by a timing clock
Related violations: <none>

TIMING-17#184 Critical Warning
Non-clocked sequential cell  
The clock pin u_touch_top/u_touch_dri/cur_state_reg[6]/C is not reached by a timing clock
Related violations: <none>

TIMING-17#185 Critical Warning
Non-clocked sequential cell  
The clock pin u_touch_top/u_touch_dri/data_reg[0]/C is not reached by a timing clock
Related violations: <none>

TIMING-17#186 Critical Warning
Non-clocked sequential cell  
The clock pin u_touch_top/u_touch_dri/data_reg[10]/C is not reached by a timing clock
Related violations: <none>

TIMING-17#187 Critical Warning
Non-clocked sequential cell  
The clock pin u_touch_top/u_touch_dri/data_reg[11]/C is not reached by a timing clock
Related violations: <none>

TIMING-17#188 Critical Warning
Non-clocked sequential cell  
The clock pin u_touch_top/u_touch_dri/data_reg[12]/C is not reached by a timing clock
Related violations: <none>

TIMING-17#189 Critical Warning
Non-clocked sequential cell  
The clock pin u_touch_top/u_touch_dri/data_reg[13]/C is not reached by a timing clock
Related violations: <none>

TIMING-17#190 Critical Warning
Non-clocked sequential cell  
The clock pin u_touch_top/u_touch_dri/data_reg[14]/C is not reached by a timing clock
Related violations: <none>

TIMING-17#191 Critical Warning
Non-clocked sequential cell  
The clock pin u_touch_top/u_touch_dri/data_reg[15]/C is not reached by a timing clock
Related violations: <none>

TIMING-17#192 Critical Warning
Non-clocked sequential cell  
The clock pin u_touch_top/u_touch_dri/data_reg[16]/C is not reached by a timing clock
Related violations: <none>

TIMING-17#193 Critical Warning
Non-clocked sequential cell  
The clock pin u_touch_top/u_touch_dri/data_reg[17]/C is not reached by a timing clock
Related violations: <none>

TIMING-17#194 Critical Warning
Non-clocked sequential cell  
The clock pin u_touch_top/u_touch_dri/data_reg[18]/C is not reached by a timing clock
Related violations: <none>

TIMING-17#195 Critical Warning
Non-clocked sequential cell  
The clock pin u_touch_top/u_touch_dri/data_reg[19]/C is not reached by a timing clock
Related violations: <none>

TIMING-17#196 Critical Warning
Non-clocked sequential cell  
The clock pin u_touch_top/u_touch_dri/data_reg[1]/C is not reached by a timing clock
Related violations: <none>

TIMING-17#197 Critical Warning
Non-clocked sequential cell  
The clock pin u_touch_top/u_touch_dri/data_reg[20]/C is not reached by a timing clock
Related violations: <none>

TIMING-17#198 Critical Warning
Non-clocked sequential cell  
The clock pin u_touch_top/u_touch_dri/data_reg[21]/C is not reached by a timing clock
Related violations: <none>

TIMING-17#199 Critical Warning
Non-clocked sequential cell  
The clock pin u_touch_top/u_touch_dri/data_reg[22]/C is not reached by a timing clock
Related violations: <none>

TIMING-17#200 Critical Warning
Non-clocked sequential cell  
The clock pin u_touch_top/u_touch_dri/data_reg[23]/C is not reached by a timing clock
Related violations: <none>

TIMING-17#201 Critical Warning
Non-clocked sequential cell  
The clock pin u_touch_top/u_touch_dri/data_reg[24]/C is not reached by a timing clock
Related violations: <none>

TIMING-17#202 Critical Warning
Non-clocked sequential cell  
The clock pin u_touch_top/u_touch_dri/data_reg[25]/C is not reached by a timing clock
Related violations: <none>

TIMING-17#203 Critical Warning
Non-clocked sequential cell  
The clock pin u_touch_top/u_touch_dri/data_reg[26]/C is not reached by a timing clock
Related violations: <none>

TIMING-17#204 Critical Warning
Non-clocked sequential cell  
The clock pin u_touch_top/u_touch_dri/data_reg[27]/C is not reached by a timing clock
Related violations: <none>

TIMING-17#205 Critical Warning
Non-clocked sequential cell  
The clock pin u_touch_top/u_touch_dri/data_reg[28]/C is not reached by a timing clock
Related violations: <none>

TIMING-17#206 Critical Warning
Non-clocked sequential cell  
The clock pin u_touch_top/u_touch_dri/data_reg[29]/C is not reached by a timing clock
Related violations: <none>

TIMING-17#207 Critical Warning
Non-clocked sequential cell  
The clock pin u_touch_top/u_touch_dri/data_reg[2]/C is not reached by a timing clock
Related violations: <none>

TIMING-17#208 Critical Warning
Non-clocked sequential cell  
The clock pin u_touch_top/u_touch_dri/data_reg[30]/C is not reached by a timing clock
Related violations: <none>

TIMING-17#209 Critical Warning
Non-clocked sequential cell  
The clock pin u_touch_top/u_touch_dri/data_reg[31]/C is not reached by a timing clock
Related violations: <none>

TIMING-17#210 Critical Warning
Non-clocked sequential cell  
The clock pin u_touch_top/u_touch_dri/data_reg[3]/C is not reached by a timing clock
Related violations: <none>

TIMING-17#211 Critical Warning
Non-clocked sequential cell  
The clock pin u_touch_top/u_touch_dri/data_reg[4]/C is not reached by a timing clock
Related violations: <none>

TIMING-17#212 Critical Warning
Non-clocked sequential cell  
The clock pin u_touch_top/u_touch_dri/data_reg[5]/C is not reached by a timing clock
Related violations: <none>

TIMING-17#213 Critical Warning
Non-clocked sequential cell  
The clock pin u_touch_top/u_touch_dri/data_reg[6]/C is not reached by a timing clock
Related violations: <none>

TIMING-17#214 Critical Warning
Non-clocked sequential cell  
The clock pin u_touch_top/u_touch_dri/data_reg[7]/C is not reached by a timing clock
Related violations: <none>

TIMING-17#215 Critical Warning
Non-clocked sequential cell  
The clock pin u_touch_top/u_touch_dri/data_reg[8]/C is not reached by a timing clock
Related violations: <none>

TIMING-17#216 Critical Warning
Non-clocked sequential cell  
The clock pin u_touch_top/u_touch_dri/data_reg[9]/C is not reached by a timing clock
Related violations: <none>

TIMING-17#217 Critical Warning
Non-clocked sequential cell  
The clock pin u_touch_top/u_touch_dri/flow_cnt_reg[0]/C is not reached by a timing clock
Related violations: <none>

TIMING-17#218 Critical Warning
Non-clocked sequential cell  
The clock pin u_touch_top/u_touch_dri/flow_cnt_reg[1]/C is not reached by a timing clock
Related violations: <none>

TIMING-17#219 Critical Warning
Non-clocked sequential cell  
The clock pin u_touch_top/u_touch_dri/flow_cnt_reg[2]/C is not reached by a timing clock
Related violations: <none>

TIMING-17#220 Critical Warning
Non-clocked sequential cell  
The clock pin u_touch_top/u_touch_dri/ft_flag_reg/C is not reached by a timing clock
Related violations: <none>

TIMING-17#221 Critical Warning
Non-clocked sequential cell  
The clock pin u_touch_top/u_touch_dri/i2c_addr_reg[0]/C is not reached by a timing clock
Related violations: <none>

TIMING-17#222 Critical Warning
Non-clocked sequential cell  
The clock pin u_touch_top/u_touch_dri/i2c_addr_reg[1]/C is not reached by a timing clock
Related violations: <none>

TIMING-17#223 Critical Warning
Non-clocked sequential cell  
The clock pin u_touch_top/u_touch_dri/i2c_addr_reg[2]/C is not reached by a timing clock
Related violations: <none>

TIMING-17#224 Critical Warning
Non-clocked sequential cell  
The clock pin u_touch_top/u_touch_dri/i2c_addr_reg[3]/C is not reached by a timing clock
Related violations: <none>

TIMING-17#225 Critical Warning
Non-clocked sequential cell  
The clock pin u_touch_top/u_touch_dri/i2c_addr_reg[4]/C is not reached by a timing clock
Related violations: <none>

TIMING-17#226 Critical Warning
Non-clocked sequential cell  
The clock pin u_touch_top/u_touch_dri/i2c_addr_reg[5]/C is not reached by a timing clock
Related violations: <none>

TIMING-17#227 Critical Warning
Non-clocked sequential cell  
The clock pin u_touch_top/u_touch_dri/i2c_addr_reg[6]/C is not reached by a timing clock
Related violations: <none>

TIMING-17#228 Critical Warning
Non-clocked sequential cell  
The clock pin u_touch_top/u_touch_dri/i2c_addr_reg[7]/C is not reached by a timing clock
Related violations: <none>

TIMING-17#229 Critical Warning
Non-clocked sequential cell  
The clock pin u_touch_top/u_touch_dri/i2c_data_w_reg[2]/C is not reached by a timing clock
Related violations: <none>

TIMING-17#230 Critical Warning
Non-clocked sequential cell  
The clock pin u_touch_top/u_touch_dri/i2c_data_w_reg[3]/C is not reached by a timing clock
Related violations: <none>

TIMING-17#231 Critical Warning
Non-clocked sequential cell  
The clock pin u_touch_top/u_touch_dri/i2c_data_w_reg[4]/C is not reached by a timing clock
Related violations: <none>

TIMING-17#232 Critical Warning
Non-clocked sequential cell  
The clock pin u_touch_top/u_touch_dri/i2c_exec_reg/C is not reached by a timing clock
Related violations: <none>

TIMING-17#233 Critical Warning
Non-clocked sequential cell  
The clock pin u_touch_top/u_touch_dri/i2c_rh_wl_reg/C is not reached by a timing clock
Related violations: <none>

TIMING-17#234 Critical Warning
Non-clocked sequential cell  
The clock pin u_touch_top/u_touch_dri/reg_num_reg[0]/C is not reached by a timing clock
Related violations: <none>

TIMING-17#235 Critical Warning
Non-clocked sequential cell  
The clock pin u_touch_top/u_touch_dri/reg_num_reg[1]/C is not reached by a timing clock
Related violations: <none>

TIMING-17#236 Critical Warning
Non-clocked sequential cell  
The clock pin u_touch_top/u_touch_dri/reg_num_reg[2]/C is not reached by a timing clock
Related violations: <none>

TIMING-17#237 Critical Warning
Non-clocked sequential cell  
The clock pin u_touch_top/u_touch_dri/slave_addr_reg[2]/C is not reached by a timing clock
Related violations: <none>

TIMING-17#238 Critical Warning
Non-clocked sequential cell  
The clock pin u_touch_top/u_touch_dri/slave_addr_reg[4]/C is not reached by a timing clock
Related violations: <none>

TIMING-17#239 Critical Warning
Non-clocked sequential cell  
The clock pin u_touch_top/u_touch_dri/slave_addr_reg[5]/C is not reached by a timing clock
Related violations: <none>

TIMING-17#240 Critical Warning
Non-clocked sequential cell  
The clock pin u_touch_top/u_touch_dri/st_done_reg/C is not reached by a timing clock
Related violations: <none>

TIMING-17#241 Critical Warning
Non-clocked sequential cell  
The clock pin u_touch_top/u_touch_dri/touch_int_dir_reg/C is not reached by a timing clock
Related violations: <none>

TIMING-17#242 Critical Warning
Non-clocked sequential cell  
The clock pin u_touch_top/u_touch_dri/touch_int_out_reg/C is not reached by a timing clock
Related violations: <none>

TIMING-17#243 Critical Warning
Non-clocked sequential cell  
The clock pin u_touch_top/u_touch_dri/touch_rst_n_reg/C is not reached by a timing clock
Related violations: <none>

TIMING-17#244 Critical Warning
Non-clocked sequential cell  
The clock pin u_touch_top/u_touch_dri/touch_s_reg_reg[1]/C is not reached by a timing clock
Related violations: <none>

TIMING-17#245 Critical Warning
Non-clocked sequential cell  
The clock pin u_touch_top/u_touch_dri/touch_valid_reg/C is not reached by a timing clock
Related violations: <none>

TIMING-17#246 Critical Warning
Non-clocked sequential cell  
The clock pin u_touch_top/u_touch_dri/tp_x_coord_reg[0]/C is not reached by a timing clock
Related violations: <none>

TIMING-17#247 Critical Warning
Non-clocked sequential cell  
The clock pin u_touch_top/u_touch_dri/tp_x_coord_reg[10]/C is not reached by a timing clock
Related violations: <none>

TIMING-17#248 Critical Warning
Non-clocked sequential cell  
The clock pin u_touch_top/u_touch_dri/tp_x_coord_reg[11]/C is not reached by a timing clock
Related violations: <none>

TIMING-17#249 Critical Warning
Non-clocked sequential cell  
The clock pin u_touch_top/u_touch_dri/tp_x_coord_reg[12]/C is not reached by a timing clock
Related violations: <none>

TIMING-17#250 Critical Warning
Non-clocked sequential cell  
The clock pin u_touch_top/u_touch_dri/tp_x_coord_reg[13]/C is not reached by a timing clock
Related violations: <none>

TIMING-17#251 Critical Warning
Non-clocked sequential cell  
The clock pin u_touch_top/u_touch_dri/tp_x_coord_reg[14]/C is not reached by a timing clock
Related violations: <none>

TIMING-17#252 Critical Warning
Non-clocked sequential cell  
The clock pin u_touch_top/u_touch_dri/tp_x_coord_reg[15]/C is not reached by a timing clock
Related violations: <none>

TIMING-17#253 Critical Warning
Non-clocked sequential cell  
The clock pin u_touch_top/u_touch_dri/tp_x_coord_reg[1]/C is not reached by a timing clock
Related violations: <none>

TIMING-17#254 Critical Warning
Non-clocked sequential cell  
The clock pin u_touch_top/u_touch_dri/tp_x_coord_reg[2]/C is not reached by a timing clock
Related violations: <none>

TIMING-17#255 Critical Warning
Non-clocked sequential cell  
The clock pin u_touch_top/u_touch_dri/tp_x_coord_reg[3]/C is not reached by a timing clock
Related violations: <none>

TIMING-17#256 Critical Warning
Non-clocked sequential cell  
The clock pin u_touch_top/u_touch_dri/tp_x_coord_reg[4]/C is not reached by a timing clock
Related violations: <none>

TIMING-17#257 Critical Warning
Non-clocked sequential cell  
The clock pin u_touch_top/u_touch_dri/tp_x_coord_reg[5]/C is not reached by a timing clock
Related violations: <none>

TIMING-17#258 Critical Warning
Non-clocked sequential cell  
The clock pin u_touch_top/u_touch_dri/tp_x_coord_reg[6]/C is not reached by a timing clock
Related violations: <none>

TIMING-17#259 Critical Warning
Non-clocked sequential cell  
The clock pin u_touch_top/u_touch_dri/tp_x_coord_reg[7]/C is not reached by a timing clock
Related violations: <none>

TIMING-17#260 Critical Warning
Non-clocked sequential cell  
The clock pin u_touch_top/u_touch_dri/tp_x_coord_reg[8]/C is not reached by a timing clock
Related violations: <none>

TIMING-17#261 Critical Warning
Non-clocked sequential cell  
The clock pin u_touch_top/u_touch_dri/tp_x_coord_reg[9]/C is not reached by a timing clock
Related violations: <none>

TIMING-17#262 Critical Warning
Non-clocked sequential cell  
The clock pin u_touch_top/u_touch_dri/tp_x_coord_t_reg[0]/C is not reached by a timing clock
Related violations: <none>

TIMING-17#263 Critical Warning
Non-clocked sequential cell  
The clock pin u_touch_top/u_touch_dri/tp_x_coord_t_reg[10]/C is not reached by a timing clock
Related violations: <none>

TIMING-17#264 Critical Warning
Non-clocked sequential cell  
The clock pin u_touch_top/u_touch_dri/tp_x_coord_t_reg[11]/C is not reached by a timing clock
Related violations: <none>

TIMING-17#265 Critical Warning
Non-clocked sequential cell  
The clock pin u_touch_top/u_touch_dri/tp_x_coord_t_reg[12]/C is not reached by a timing clock
Related violations: <none>

TIMING-17#266 Critical Warning
Non-clocked sequential cell  
The clock pin u_touch_top/u_touch_dri/tp_x_coord_t_reg[13]/C is not reached by a timing clock
Related violations: <none>

TIMING-17#267 Critical Warning
Non-clocked sequential cell  
The clock pin u_touch_top/u_touch_dri/tp_x_coord_t_reg[14]/C is not reached by a timing clock
Related violations: <none>

TIMING-17#268 Critical Warning
Non-clocked sequential cell  
The clock pin u_touch_top/u_touch_dri/tp_x_coord_t_reg[15]/C is not reached by a timing clock
Related violations: <none>

TIMING-17#269 Critical Warning
Non-clocked sequential cell  
The clock pin u_touch_top/u_touch_dri/tp_x_coord_t_reg[1]/C is not reached by a timing clock
Related violations: <none>

TIMING-17#270 Critical Warning
Non-clocked sequential cell  
The clock pin u_touch_top/u_touch_dri/tp_x_coord_t_reg[2]/C is not reached by a timing clock
Related violations: <none>

TIMING-17#271 Critical Warning
Non-clocked sequential cell  
The clock pin u_touch_top/u_touch_dri/tp_x_coord_t_reg[3]/C is not reached by a timing clock
Related violations: <none>

TIMING-17#272 Critical Warning
Non-clocked sequential cell  
The clock pin u_touch_top/u_touch_dri/tp_x_coord_t_reg[4]/C is not reached by a timing clock
Related violations: <none>

TIMING-17#273 Critical Warning
Non-clocked sequential cell  
The clock pin u_touch_top/u_touch_dri/tp_x_coord_t_reg[5]/C is not reached by a timing clock
Related violations: <none>

TIMING-17#274 Critical Warning
Non-clocked sequential cell  
The clock pin u_touch_top/u_touch_dri/tp_x_coord_t_reg[6]/C is not reached by a timing clock
Related violations: <none>

TIMING-17#275 Critical Warning
Non-clocked sequential cell  
The clock pin u_touch_top/u_touch_dri/tp_x_coord_t_reg[7]/C is not reached by a timing clock
Related violations: <none>

TIMING-17#276 Critical Warning
Non-clocked sequential cell  
The clock pin u_touch_top/u_touch_dri/tp_x_coord_t_reg[8]/C is not reached by a timing clock
Related violations: <none>

TIMING-17#277 Critical Warning
Non-clocked sequential cell  
The clock pin u_touch_top/u_touch_dri/tp_x_coord_t_reg[9]/C is not reached by a timing clock
Related violations: <none>

TIMING-17#278 Critical Warning
Non-clocked sequential cell  
The clock pin u_touch_top/u_touch_dri/tp_y_coord_reg[0]/C is not reached by a timing clock
Related violations: <none>

TIMING-17#279 Critical Warning
Non-clocked sequential cell  
The clock pin u_touch_top/u_touch_dri/tp_y_coord_reg[10]/C is not reached by a timing clock
Related violations: <none>

TIMING-17#280 Critical Warning
Non-clocked sequential cell  
The clock pin u_touch_top/u_touch_dri/tp_y_coord_reg[11]/C is not reached by a timing clock
Related violations: <none>

TIMING-17#281 Critical Warning
Non-clocked sequential cell  
The clock pin u_touch_top/u_touch_dri/tp_y_coord_reg[12]/C is not reached by a timing clock
Related violations: <none>

TIMING-17#282 Critical Warning
Non-clocked sequential cell  
The clock pin u_touch_top/u_touch_dri/tp_y_coord_reg[13]/C is not reached by a timing clock
Related violations: <none>

TIMING-17#283 Critical Warning
Non-clocked sequential cell  
The clock pin u_touch_top/u_touch_dri/tp_y_coord_reg[14]/C is not reached by a timing clock
Related violations: <none>

TIMING-17#284 Critical Warning
Non-clocked sequential cell  
The clock pin u_touch_top/u_touch_dri/tp_y_coord_reg[15]/C is not reached by a timing clock
Related violations: <none>

TIMING-17#285 Critical Warning
Non-clocked sequential cell  
The clock pin u_touch_top/u_touch_dri/tp_y_coord_reg[1]/C is not reached by a timing clock
Related violations: <none>

TIMING-17#286 Critical Warning
Non-clocked sequential cell  
The clock pin u_touch_top/u_touch_dri/tp_y_coord_reg[2]/C is not reached by a timing clock
Related violations: <none>

TIMING-17#287 Critical Warning
Non-clocked sequential cell  
The clock pin u_touch_top/u_touch_dri/tp_y_coord_reg[3]/C is not reached by a timing clock
Related violations: <none>

TIMING-17#288 Critical Warning
Non-clocked sequential cell  
The clock pin u_touch_top/u_touch_dri/tp_y_coord_reg[4]/C is not reached by a timing clock
Related violations: <none>

TIMING-17#289 Critical Warning
Non-clocked sequential cell  
The clock pin u_touch_top/u_touch_dri/tp_y_coord_reg[5]/C is not reached by a timing clock
Related violations: <none>

TIMING-17#290 Critical Warning
Non-clocked sequential cell  
The clock pin u_touch_top/u_touch_dri/tp_y_coord_reg[6]/C is not reached by a timing clock
Related violations: <none>

TIMING-17#291 Critical Warning
Non-clocked sequential cell  
The clock pin u_touch_top/u_touch_dri/tp_y_coord_reg[7]/C is not reached by a timing clock
Related violations: <none>

TIMING-17#292 Critical Warning
Non-clocked sequential cell  
The clock pin u_touch_top/u_touch_dri/tp_y_coord_reg[8]/C is not reached by a timing clock
Related violations: <none>

TIMING-17#293 Critical Warning
Non-clocked sequential cell  
The clock pin u_touch_top/u_touch_dri/tp_y_coord_reg[9]/C is not reached by a timing clock
Related violations: <none>

TIMING-17#294 Critical Warning
Non-clocked sequential cell  
The clock pin u_touch_top/u_touch_dri/tp_y_coord_t_reg[0]/C is not reached by a timing clock
Related violations: <none>

TIMING-17#295 Critical Warning
Non-clocked sequential cell  
The clock pin u_touch_top/u_touch_dri/tp_y_coord_t_reg[10]/C is not reached by a timing clock
Related violations: <none>

TIMING-17#296 Critical Warning
Non-clocked sequential cell  
The clock pin u_touch_top/u_touch_dri/tp_y_coord_t_reg[11]/C is not reached by a timing clock
Related violations: <none>

TIMING-17#297 Critical Warning
Non-clocked sequential cell  
The clock pin u_touch_top/u_touch_dri/tp_y_coord_t_reg[12]/C is not reached by a timing clock
Related violations: <none>

TIMING-17#298 Critical Warning
Non-clocked sequential cell  
The clock pin u_touch_top/u_touch_dri/tp_y_coord_t_reg[13]/C is not reached by a timing clock
Related violations: <none>

TIMING-17#299 Critical Warning
Non-clocked sequential cell  
The clock pin u_touch_top/u_touch_dri/tp_y_coord_t_reg[14]/C is not reached by a timing clock
Related violations: <none>

TIMING-17#300 Critical Warning
Non-clocked sequential cell  
The clock pin u_touch_top/u_touch_dri/tp_y_coord_t_reg[15]/C is not reached by a timing clock
Related violations: <none>

TIMING-17#301 Critical Warning
Non-clocked sequential cell  
The clock pin u_touch_top/u_touch_dri/tp_y_coord_t_reg[1]/C is not reached by a timing clock
Related violations: <none>

TIMING-17#302 Critical Warning
Non-clocked sequential cell  
The clock pin u_touch_top/u_touch_dri/tp_y_coord_t_reg[2]/C is not reached by a timing clock
Related violations: <none>

TIMING-17#303 Critical Warning
Non-clocked sequential cell  
The clock pin u_touch_top/u_touch_dri/tp_y_coord_t_reg[3]/C is not reached by a timing clock
Related violations: <none>

TIMING-17#304 Critical Warning
Non-clocked sequential cell  
The clock pin u_touch_top/u_touch_dri/tp_y_coord_t_reg[4]/C is not reached by a timing clock
Related violations: <none>

TIMING-17#305 Critical Warning
Non-clocked sequential cell  
The clock pin u_touch_top/u_touch_dri/tp_y_coord_t_reg[5]/C is not reached by a timing clock
Related violations: <none>

TIMING-17#306 Critical Warning
Non-clocked sequential cell  
The clock pin u_touch_top/u_touch_dri/tp_y_coord_t_reg[6]/C is not reached by a timing clock
Related violations: <none>

TIMING-17#307 Critical Warning
Non-clocked sequential cell  
The clock pin u_touch_top/u_touch_dri/tp_y_coord_t_reg[7]/C is not reached by a timing clock
Related violations: <none>

TIMING-17#308 Critical Warning
Non-clocked sequential cell  
The clock pin u_touch_top/u_touch_dri/tp_y_coord_t_reg[8]/C is not reached by a timing clock
Related violations: <none>

TIMING-17#309 Critical Warning
Non-clocked sequential cell  
The clock pin u_touch_top/u_touch_dri/tp_y_coord_t_reg[9]/C is not reached by a timing clock
Related violations: <none>

HPDR-1#1 Warning
Port pin direction inconsistency  
Hierarchical port(pin) lcd_rgb[0] direction INOUT is not consistent with the directions of the cell pins/ports found at that level of the netlist hierarchy. Please review the design and consider changing the port(pin) direction. Both drivers and loads were expected for the net (lcd_rgb[0]) connected to this Port, but both were not found.
Related violations: <none>

HPDR-1#2 Warning
Port pin direction inconsistency  
Hierarchical port(pin) lcd_rgb[10] direction INOUT is not consistent with the directions of the cell pins/ports found at that level of the netlist hierarchy. Please review the design and consider changing the port(pin) direction. Both drivers and loads were expected for the net (lcd_rgb[10]) connected to this Port, but both were not found.
Related violations: <none>

HPDR-1#3 Warning
Port pin direction inconsistency  
Hierarchical port(pin) lcd_rgb[11] direction INOUT is not consistent with the directions of the cell pins/ports found at that level of the netlist hierarchy. Please review the design and consider changing the port(pin) direction. Both drivers and loads were expected for the net (lcd_rgb[11]) connected to this Port, but both were not found.
Related violations: <none>

HPDR-1#4 Warning
Port pin direction inconsistency  
Hierarchical port(pin) lcd_rgb[12] direction INOUT is not consistent with the directions of the cell pins/ports found at that level of the netlist hierarchy. Please review the design and consider changing the port(pin) direction. Both drivers and loads were expected for the net (lcd_rgb[12]) connected to this Port, but both were not found.
Related violations: <none>

HPDR-1#5 Warning
Port pin direction inconsistency  
Hierarchical port(pin) lcd_rgb[13] direction INOUT is not consistent with the directions of the cell pins/ports found at that level of the netlist hierarchy. Please review the design and consider changing the port(pin) direction. Both drivers and loads were expected for the net (lcd_rgb[13]) connected to this Port, but both were not found.
Related violations: <none>

HPDR-1#6 Warning
Port pin direction inconsistency  
Hierarchical port(pin) lcd_rgb[14] direction INOUT is not consistent with the directions of the cell pins/ports found at that level of the netlist hierarchy. Please review the design and consider changing the port(pin) direction. Both drivers and loads were expected for the net (lcd_rgb[14]) connected to this Port, but both were not found.
Related violations: <none>

HPDR-1#7 Warning
Port pin direction inconsistency  
Hierarchical port(pin) lcd_rgb[15] direction INOUT is not consistent with the directions of the cell pins/ports found at that level of the netlist hierarchy. Please review the design and consider changing the port(pin) direction. Both drivers and loads were expected for the net (lcd_rgb[15]) connected to this Port, but both were not found.
Related violations: <none>

HPDR-1#8 Warning
Port pin direction inconsistency  
Hierarchical port(pin) lcd_rgb[16] direction INOUT is not consistent with the directions of the cell pins/ports found at that level of the netlist hierarchy. Please review the design and consider changing the port(pin) direction. Both drivers and loads were expected for the net (lcd_rgb[16]) connected to this Port, but both were not found.
Related violations: <none>

HPDR-1#9 Warning
Port pin direction inconsistency  
Hierarchical port(pin) lcd_rgb[17] direction INOUT is not consistent with the directions of the cell pins/ports found at that level of the netlist hierarchy. Please review the design and consider changing the port(pin) direction. Both drivers and loads were expected for the net (lcd_rgb[17]) connected to this Port, but both were not found.
Related violations: <none>

HPDR-1#10 Warning
Port pin direction inconsistency  
Hierarchical port(pin) lcd_rgb[18] direction INOUT is not consistent with the directions of the cell pins/ports found at that level of the netlist hierarchy. Please review the design and consider changing the port(pin) direction. Both drivers and loads were expected for the net (lcd_rgb[18]) connected to this Port, but both were not found.
Related violations: <none>

HPDR-1#11 Warning
Port pin direction inconsistency  
Hierarchical port(pin) lcd_rgb[19] direction INOUT is not consistent with the directions of the cell pins/ports found at that level of the netlist hierarchy. Please review the design and consider changing the port(pin) direction. Both drivers and loads were expected for the net (lcd_rgb[19]) connected to this Port, but both were not found.
Related violations: <none>

HPDR-1#12 Warning
Port pin direction inconsistency  
Hierarchical port(pin) lcd_rgb[1] direction INOUT is not consistent with the directions of the cell pins/ports found at that level of the netlist hierarchy. Please review the design and consider changing the port(pin) direction. Both drivers and loads were expected for the net (lcd_rgb[1]) connected to this Port, but both were not found.
Related violations: <none>

HPDR-1#13 Warning
Port pin direction inconsistency  
Hierarchical port(pin) lcd_rgb[20] direction INOUT is not consistent with the directions of the cell pins/ports found at that level of the netlist hierarchy. Please review the design and consider changing the port(pin) direction. Both drivers and loads were expected for the net (lcd_rgb[20]) connected to this Port, but both were not found.
Related violations: <none>

HPDR-1#14 Warning
Port pin direction inconsistency  
Hierarchical port(pin) lcd_rgb[21] direction INOUT is not consistent with the directions of the cell pins/ports found at that level of the netlist hierarchy. Please review the design and consider changing the port(pin) direction. Both drivers and loads were expected for the net (lcd_rgb[21]) connected to this Port, but both were not found.
Related violations: <none>

HPDR-1#15 Warning
Port pin direction inconsistency  
Hierarchical port(pin) lcd_rgb[22] direction INOUT is not consistent with the directions of the cell pins/ports found at that level of the netlist hierarchy. Please review the design and consider changing the port(pin) direction. Both drivers and loads were expected for the net (lcd_rgb[22]) connected to this Port, but both were not found.
Related violations: <none>

HPDR-1#16 Warning
Port pin direction inconsistency  
Hierarchical port(pin) lcd_rgb[23] direction INOUT is not consistent with the directions of the cell pins/ports found at that level of the netlist hierarchy. Please review the design and consider changing the port(pin) direction. Both drivers and loads were expected for the net (lcd_rgb[23]) connected to this Port, but both were not found.
Related violations: <none>

HPDR-1#17 Warning
Port pin direction inconsistency  
Hierarchical port(pin) lcd_rgb[2] direction INOUT is not consistent with the directions of the cell pins/ports found at that level of the netlist hierarchy. Please review the design and consider changing the port(pin) direction. Both drivers and loads were expected for the net (lcd_rgb[2]) connected to this Port, but both were not found.
Related violations: <none>

HPDR-1#18 Warning
Port pin direction inconsistency  
Hierarchical port(pin) lcd_rgb[3] direction INOUT is not consistent with the directions of the cell pins/ports found at that level of the netlist hierarchy. Please review the design and consider changing the port(pin) direction. Both drivers and loads were expected for the net (lcd_rgb[3]) connected to this Port, but both were not found.
Related violations: <none>

HPDR-1#19 Warning
Port pin direction inconsistency  
Hierarchical port(pin) lcd_rgb[4] direction INOUT is not consistent with the directions of the cell pins/ports found at that level of the netlist hierarchy. Please review the design and consider changing the port(pin) direction. Both drivers and loads were expected for the net (lcd_rgb[4]) connected to this Port, but both were not found.
Related violations: <none>

HPDR-1#20 Warning
Port pin direction inconsistency  
Hierarchical port(pin) lcd_rgb[5] direction INOUT is not consistent with the directions of the cell pins/ports found at that level of the netlist hierarchy. Please review the design and consider changing the port(pin) direction. Both drivers and loads were expected for the net (lcd_rgb[5]) connected to this Port, but both were not found.
Related violations: <none>

HPDR-1#21 Warning
Port pin direction inconsistency  
Hierarchical port(pin) lcd_rgb[6] direction INOUT is not consistent with the directions of the cell pins/ports found at that level of the netlist hierarchy. Please review the design and consider changing the port(pin) direction. Both drivers and loads were expected for the net (lcd_rgb[6]) connected to this Port, but both were not found.
Related violations: <none>

HPDR-1#22 Warning
Port pin direction inconsistency  
Hierarchical port(pin) lcd_rgb[7] direction INOUT is not consistent with the directions of the cell pins/ports found at that level of the netlist hierarchy. Please review the design and consider changing the port(pin) direction. Both drivers and loads were expected for the net (lcd_rgb[7]) connected to this Port, but both were not found.
Related violations: <none>

HPDR-1#23 Warning
Port pin direction inconsistency  
Hierarchical port(pin) lcd_rgb[8] direction INOUT is not consistent with the directions of the cell pins/ports found at that level of the netlist hierarchy. Please review the design and consider changing the port(pin) direction. Both drivers and loads were expected for the net (lcd_rgb[8]) connected to this Port, but both were not found.
Related violations: <none>

HPDR-1#24 Warning
Port pin direction inconsistency  
Hierarchical port(pin) lcd_rgb[9] direction INOUT is not consistent with the directions of the cell pins/ports found at that level of the netlist hierarchy. Please review the design and consider changing the port(pin) direction. Both drivers and loads were expected for the net (lcd_rgb[9]) connected to this Port, but both were not found.
Related violations: <none>

HPDR-1#25 Warning
Port pin direction inconsistency  
Hierarchical port(pin) touch_int direction INOUT is not consistent with the directions of the cell pins/ports found at that level of the netlist hierarchy. Please review the design and consider changing the port(pin) direction. Both drivers and loads were expected for the net (touch_int) connected to this Port, but both were not found.
Related violations: <none>

TIMING-18#1 Warning
Missing input or output delay  
An input delay is missing on sys_rst_n relative to the rising and/or falling clock edge(s) of sys_clk.
Related violations: <none>

TIMING-18#2 Warning
Missing input or output delay  
An output delay is missing on lcd_clk relative to the rising and/or falling clock edge(s) of sys_clk.
Related violations: <none>


