Vivado Simulator 2020.2
Copyright 1986-1999, 2001-2020 Xilinx, Inc. All Rights Reserved.
Running: G:/Xilinx/Vivado/2020.2/bin/unwrapped/win64.o/xelab.exe -wto 818fd190e81b47d7b9cf34951a64ba75 --incr --debug typical --relax --mt 2 -L xil_defaultlib -L unisims_ver -L unimacro_ver -L secureip -L xpm --snapshot tb_lcd_rgb_char_behav xil_defaultlib.tb_lcd_rgb_char xil_defaultlib.glbl -log elaborate.log 
Using 2 slave threads.
Starting static elaboration
Pass Through NonSizing Optimizer
Completed static elaboration
Starting simulation data flow analysis
Completed simulation data flow analysis
Time Resolution for simulation is 1ps
Compiling module xil_defaultlib.rd_id
Compiling module xil_defaultlib.clk_div
Compiling module unisims_ver.GND
Compiling module unisims_ver.LUT4(INIT=16'b01000000000000)
Compiling module unisims_ver.LUT6
Compiling module unisims_ver.x_lut3_mux8
Compiling module unisims_ver.LUT3
Compiling module unisims_ver.FDRE_default
Compiling module unisims_ver.RB36_INTERNAL_VLOG(RDADDR_COLLIS...
Compiling module unisims_ver.RAMB36E1(INITP_00=256'b101101111...
Compiling module unisims_ver.RB36_INTERNAL_VLOG(RDADDR_COLLIS...
Compiling module unisims_ver.RAMB36E1(INITP_00=256'b110111100...
Compiling module unisims_ver.RB18_INTERNAL_VLOG(RDADDR_COLLIS...
Compiling module unisims_ver.RAMB18E1(INITP_00=256'b100011100...
Compiling module unisims_ver.RB36_INTERNAL_VLOG(RDADDR_COLLIS...
Compiling module unisims_ver.RAMB36E1(INITP_00=256'b010111000...
Compiling module unisims_ver.RB36_INTERNAL_VLOG(RDADDR_COLLIS...
Compiling module unisims_ver.RAMB36E1(INITP_00=256'b010111001...
Compiling module unisims_ver.RB36_INTERNAL_VLOG(RDADDR_COLLIS...
Compiling module unisims_ver.RAMB36E1(INIT_00=256'b0101011011...
Compiling module unisims_ver.RB36_INTERNAL_VLOG(RDADDR_COLLIS...
Compiling module unisims_ver.RAMB36E1(INIT_00=256'b0111111001...
Compiling module unisims_ver.RB36_INTERNAL_VLOG(RDADDR_COLLIS...
Compiling module unisims_ver.RAMB36E1(INIT_00=256'b0111000001...
Compiling module xil_defaultlib.blk_mem_gen_0
Compiling module xil_defaultlib.lcd_display
Compiling module xil_defaultlib.lcd_driver
Compiling module xil_defaultlib.lcd_rgb_char
Compiling module xil_defaultlib.tb_lcd_rgb_char
Compiling module xil_defaultlib.glbl
Built simulation snapshot tb_lcd_rgb_char_behav
