# do {tb_lcd_rgb_colorbar_compile.do}
# Model Technology ModelSim SE-64 vmap 10.5 Lib Mapping Utility 2016.02 Feb 13 2016
# vmap xil_defaultlib modelsim_lib/msim/xil_defaultlib 
# Modifying modelsim.ini
# Model Technology ModelSim SE-64 vlog 10.5 Compiler 2016.02 Feb 13 2016
# Start time: 15:04:23 on Jun 25,2023
# vlog -incr -work xil_defaultlib ../../../../../rtl/clk_div.v ../../../../../rtl/lcd_display.v ../../../../../rtl/lcd_driver.v ../../../../../rtl/lcd_rgb_colorbar.v ../../../../../rtl/rd_id.v ../../../../../sim/tb_lcd_rgb_colorbar.v 
# -- Compiling module clk_div
# -- Compiling module lcd_display
# -- Compiling module lcd_driver
# -- Compiling module lcd_rgb_colorbar
# -- Compiling module rd_id
# -- Compiling module tb_lcd_rgb_colorbar
# 
# Top level modules:
# 	tb_lcd_rgb_colorbar
# End time: 15:04:23 on Jun 25,2023, Elapsed time: 0:00:00
# Errors: 0, Warnings: 0
# Model Technology ModelSim SE-64 vlog 10.5 Compiler 2016.02 Feb 13 2016
# Start time: 15:04:23 on Jun 25,2023
# vlog -work xil_defaultlib glbl.v 
# -- Compiling module glbl
# 
# Top level modules:
# 	glbl
# End time: 15:04:23 on Jun 25,2023, Elapsed time: 0:00:00
# Errors: 0, Warnings: 0
